Grammar

    0 $accept: Program $end

    1 Program: ClassDefs

    2 ClassDefs: ClassDef
    3          | ClassDefs ClassDef

    4 VariableDef: Variable SPSEMICOLON
    5            | Variable CommaIdentifiers SPSEMICOLON
    6            | error SPSEMICOLON

    7 CommaIdentifiers: SPCOMMA IDENTIFIER
    8                 | CommaIdentifiers SPCOMMA IDENTIFIER

    9 Variable: Type IDENTIFIER

   10 Type: TYPEINTEGER
   11     | TYPEFLOAT
   12     | TYPEBOOL
   13     | TYPESTRING
   14     | TYPEVOID
   15     | KEYCLASS IDENTIFIER
   16     | Type OPLEFTBRACKET OPRIGHTBRACKET

   17 Variables: Variable
   18          | Variables SPCOMMA Variable

   19 Formals: %empty
   20        | Variables

   21 FunctionDef: Type IDENTIFIER OPLEFTPRNT Formals OPRIGHTPRNT StmtBlock
   22            | KEYSTATIC Type IDENTIFIER OPLEFTPRNT Formals OPRIGHTPRNT StmtBlock

   23 ClassDef: KEYCLASS IDENTIFIER SPLEFTBRACE Fields SPRIGHTBRACE
   24         | KEYCLASS IDENTIFIER KEYEXTENDS IDENTIFIER SPLEFTBRACE Fields SPRIGHTBRACE
   25         | error SPRIGHTBRACE

   26 Fields: %empty
   27       | Field Fields

   28 Field: VariableDef
   29      | FunctionDef

   30 StmtBlock: SPLEFTBRACE Stmts SPRIGHTBRACE
   31          | error SPRIGHTBRACE

   32 Stmts: %empty
   33      | Stmt Stmts

   34 Stmt: VariableDef
   35     | SimpleStmt SPSEMICOLON
   36     | IfStmt
   37     | WhileStmt
   38     | ForStmt
   39     | BreakStmt SPSEMICOLON
   40     | ReturnStmt SPSEMICOLON
   41     | PrintStmt SPSEMICOLON
   42     | StmtBlock

   43 SimpleStmt: %empty
   44           | LValue OPASSIGN Expr
   45           | Call

   46 LValue: IDENTIFIER
   47       | Expr SPDOT IDENTIFIER
   48       | Expr OPLEFTBRACKET Expr OPRIGHTBRACKET

   49 Call: IDENTIFIER OPLEFTPRNT Actuals OPRIGHTPRNT
   50     | Expr SPDOT IDENTIFIER OPLEFTPRNT Actuals OPRIGHTPRNT

   51 Actuals: %empty
   52        | Exprs

   53 Exprs: Expr
   54      | Exprs SPCOMMA Expr

   55 ForStmt: KEYFOR OPLEFTPRNT SimpleStmt SPSEMICOLON BoolExpr SPSEMICOLON SimpleStmt OPRIGHTPRNT Stmt

   56 WhileStmt: KEYWHILE OPLEFTPRNT BoolExpr OPRIGHTPRNT Stmt

   57 IfStmt: KEYIF OPLEFTPRNT BoolExpr OPRIGHTPRNT Stmt
   58       | KEYIF OPLEFTPRNT BoolExpr OPRIGHTPRNT Stmt KEYELSE Stmt

   59 ReturnStmt: KEYRETURN
   60           | KEYRETURN Expr

   61 BreakStmt: KEYBREAK

   62 PrintStmt: KEYPRINT OPLEFTPRNT Exprs OPRIGHTPRNT

   63 BoolExpr: Expr

   64 Expr: Constant
   65     | LValue
   66     | KEYTHIS
   67     | Call
   68     | OPLEFTPRNT Expr OPRIGHTPRNT
   69     | Expr OPPLUS Expr
   70     | Expr OPMINUS Expr
   71     | Expr OPMULTIPLY Expr
   72     | Expr OPDIVIDE Expr
   73     | OPMINUS Expr
   74     | Expr OPLIGHT Expr
   75     | Expr OPLIGHTEQ Expr
   76     | Expr OPGREAT Expr
   77     | Expr OPGREATEQ Expr
   78     | Expr OPEQUAL Expr
   79     | Expr OPNOTEQUAL Expr
   80     | Expr OPAND Expr
   81     | Expr OPOR Expr
   82     | OPNOT Expr
   83     | KEYREADINTEGER OPLEFTPRNT OPRIGHTPRNT
   84     | KEYREADLINE OPLEFTPRNT OPRIGHTPRNT
   85     | KEYNEW IDENTIFIER OPLEFTPRNT OPRIGHTPRNT
   86     | KEYNEW Type OPLEFTBRACKET Expr OPRIGHTBRACKET
   87     | KEYINSTANCEOF OPLEFTPRNT Expr SPCOMMA IDENTIFIER OPRIGHTPRNT
   88     | OPLEFTPRNT KEYCLASS IDENTIFIER OPRIGHTPRNT Expr

   89 Constant: CONSTANTINTD
   90         | CONSTANTINTH
   91         | CONSTANTFLOAT
   92         | CONSTANTFLOATSC
   93         | CONSTANTBOOL
   94         | CONSTANTSTRING
   95         | CONSTANTNULL


Terminals, with rules where they appear

$end (0) 0
error (256) 6 25 31
SPSEMICOLON (258) 4 5 6 35 39 40 41 55
SPCOMMA (259) 7 8 18 54 87
SPDOT (260) 47 50
SPLEFTBRACE (261) 23 24 30
SPRIGHTBRACE (262) 23 24 25 30 31
OPLEFTPRNT (263) 21 22 49 50 55 56 57 58 62 68 83 84 85 87 88
OPRIGHTPRNT (264) 21 22 49 50 55 56 57 58 62 68 83 84 85 87 88
OPLEFTBRACKET (265) 16 48 86
OPRIGHTBRACKET (266) 16 48 86
OPPLUS (267) 69
OPMINUS (268) 70 73
OPMULTIPLY (269) 71
OPDIVIDE (270) 72
OPASSIGN (271) 44
OPAND (272) 80
OPOR (273) 81
OPNOT (274) 82
OPEQUAL (275) 78
OPNOTEQUAL (276) 79
OPGREAT (277) 76
OPLIGHT (278) 74
OPGREATEQ (279) 77
OPLIGHTEQ (280) 75
TYPEVOID (281) 14
TYPEINTEGER (282) 10
TYPEFLOAT (283) 11
TYPEBOOL (284) 12
TYPESTRING (285) 13
KEYCLASS (286) 15 23 24 88
KEYNEW (287) 85 86
KEYEXTENDS (288) 24
KEYTHIS (289) 66
KEYINSTANCEOF (290) 87
KEYIF (291) 57 58
KEYELSE (292) 58
KEYFOR (293) 55
KEYWHILE (294) 56
KEYBREAK (295) 61
KEYRETURN (296) 59 60
KEYSTATIC (297) 22
KEYPRINT (298) 62
KEYREADINTEGER (299) 83
KEYREADLINE (300) 84
CONSTANTNULL (301) 95
CONSTANTBOOL (302) 93
CONSTANTINTD (303) 89
CONSTANTINTH (304) 90
CONSTANTFLOAT (305) 91
CONSTANTFLOATSC (306) 92
CONSTANTSTRING (307) 94
IDENTIFIER (308) 7 8 9 15 21 22 23 24 46 47 49 50 85 87 88
LOWER_THAN_ELSE (309)


Nonterminals, with rules where they appear

$accept (55)
    on left: 0
Program (56)
    on left: 1, on right: 0
ClassDefs (57)
    on left: 2 3, on right: 1 3
VariableDef (58)
    on left: 4 5 6, on right: 28 34
CommaIdentifiers (59)
    on left: 7 8, on right: 5 8
Variable (60)
    on left: 9, on right: 4 5 17 18
Type (61)
    on left: 10 11 12 13 14 15 16, on right: 9 16 21 22 86
Variables (62)
    on left: 17 18, on right: 18 20
Formals (63)
    on left: 19 20, on right: 21 22
FunctionDef (64)
    on left: 21 22, on right: 29
ClassDef (65)
    on left: 23 24 25, on right: 2 3
Fields (66)
    on left: 26 27, on right: 23 24 27
Field (67)
    on left: 28 29, on right: 27
StmtBlock (68)
    on left: 30 31, on right: 21 22 42
Stmts (69)
    on left: 32 33, on right: 30 33
Stmt (70)
    on left: 34 35 36 37 38 39 40 41 42, on right: 33 55 56 57 58
SimpleStmt (71)
    on left: 43 44 45, on right: 35 55
LValue (72)
    on left: 46 47 48, on right: 44 65
Call (73)
    on left: 49 50, on right: 45 67
Actuals (74)
    on left: 51 52, on right: 49 50
Exprs (75)
    on left: 53 54, on right: 52 54 62
ForStmt (76)
    on left: 55, on right: 38
WhileStmt (77)
    on left: 56, on right: 37
IfStmt (78)
    on left: 57 58, on right: 36
ReturnStmt (79)
    on left: 59 60, on right: 40
BreakStmt (80)
    on left: 61, on right: 39
PrintStmt (81)
    on left: 62, on right: 41
BoolExpr (82)
    on left: 63, on right: 55 56 57 58
Expr (83)
    on left: 64 65 66 67 68 69 70 71 72 73 74 75 76 77 78 79 80 81
    82 83 84 85 86 87 88, on right: 44 47 48 50 53 54 60 63 68 69 70
    71 72 73 74 75 76 77 78 79 80 81 82 86 87 88
Constant (84)
    on left: 89 90 91 92 93 94 95, on right: 64


State 0

    0 $accept: . Program $end

    error     shift, and go to state 1
    KEYCLASS  shift, and go to state 2

    Program    go to state 3
    ClassDefs  go to state 4
    ClassDef   go to state 5


State 1

   25 ClassDef: error . SPRIGHTBRACE

    SPRIGHTBRACE  shift, and go to state 6


State 2

   23 ClassDef: KEYCLASS . IDENTIFIER SPLEFTBRACE Fields SPRIGHTBRACE
   24         | KEYCLASS . IDENTIFIER KEYEXTENDS IDENTIFIER SPLEFTBRACE Fields SPRIGHTBRACE

    IDENTIFIER  shift, and go to state 7


State 3

    0 $accept: Program . $end

    $end  shift, and go to state 8


State 4

    1 Program: ClassDefs .
    3 ClassDefs: ClassDefs . ClassDef

    error     shift, and go to state 1
    KEYCLASS  shift, and go to state 2

    $end  reduce using rule 1 (Program)

    ClassDef  go to state 9


State 5

    2 ClassDefs: ClassDef .

    $default  reduce using rule 2 (ClassDefs)


State 6

   25 ClassDef: error SPRIGHTBRACE .

    $default  reduce using rule 25 (ClassDef)


State 7

   23 ClassDef: KEYCLASS IDENTIFIER . SPLEFTBRACE Fields SPRIGHTBRACE
   24         | KEYCLASS IDENTIFIER . KEYEXTENDS IDENTIFIER SPLEFTBRACE Fields SPRIGHTBRACE

    SPLEFTBRACE  shift, and go to state 10
    KEYEXTENDS   shift, and go to state 11


State 8

    0 $accept: Program $end .

    $default  accept


State 9

    3 ClassDefs: ClassDefs ClassDef .

    $default  reduce using rule 3 (ClassDefs)


State 10

   23 ClassDef: KEYCLASS IDENTIFIER SPLEFTBRACE . Fields SPRIGHTBRACE

    error        shift, and go to state 12
    TYPEVOID     shift, and go to state 13
    TYPEINTEGER  shift, and go to state 14
    TYPEFLOAT    shift, and go to state 15
    TYPEBOOL     shift, and go to state 16
    TYPESTRING   shift, and go to state 17
    KEYCLASS     shift, and go to state 18
    KEYSTATIC    shift, and go to state 19

    SPRIGHTBRACE  reduce using rule 26 (Fields)

    VariableDef  go to state 20
    Variable     go to state 21
    Type         go to state 22
    FunctionDef  go to state 23
    Fields       go to state 24
    Field        go to state 25


State 11

   24 ClassDef: KEYCLASS IDENTIFIER KEYEXTENDS . IDENTIFIER SPLEFTBRACE Fields SPRIGHTBRACE

    IDENTIFIER  shift, and go to state 26


State 12

    6 VariableDef: error . SPSEMICOLON

    SPSEMICOLON  shift, and go to state 27


State 13

   14 Type: TYPEVOID .

    $default  reduce using rule 14 (Type)


State 14

   10 Type: TYPEINTEGER .

    $default  reduce using rule 10 (Type)


State 15

   11 Type: TYPEFLOAT .

    $default  reduce using rule 11 (Type)


State 16

   12 Type: TYPEBOOL .

    $default  reduce using rule 12 (Type)


State 17

   13 Type: TYPESTRING .

    $default  reduce using rule 13 (Type)


State 18

   15 Type: KEYCLASS . IDENTIFIER

    IDENTIFIER  shift, and go to state 28


State 19

   22 FunctionDef: KEYSTATIC . Type IDENTIFIER OPLEFTPRNT Formals OPRIGHTPRNT StmtBlock

    TYPEVOID     shift, and go to state 13
    TYPEINTEGER  shift, and go to state 14
    TYPEFLOAT    shift, and go to state 15
    TYPEBOOL     shift, and go to state 16
    TYPESTRING   shift, and go to state 17
    KEYCLASS     shift, and go to state 18

    Type  go to state 29


State 20

   28 Field: VariableDef .

    $default  reduce using rule 28 (Field)


State 21

    4 VariableDef: Variable . SPSEMICOLON
    5            | Variable . CommaIdentifiers SPSEMICOLON

    SPSEMICOLON  shift, and go to state 30
    SPCOMMA      shift, and go to state 31

    CommaIdentifiers  go to state 32


State 22

    9 Variable: Type . IDENTIFIER
   16 Type: Type . OPLEFTBRACKET OPRIGHTBRACKET
   21 FunctionDef: Type . IDENTIFIER OPLEFTPRNT Formals OPRIGHTPRNT StmtBlock

    OPLEFTBRACKET  shift, and go to state 33
    IDENTIFIER     shift, and go to state 34


State 23

   29 Field: FunctionDef .

    $default  reduce using rule 29 (Field)


State 24

   23 ClassDef: KEYCLASS IDENTIFIER SPLEFTBRACE Fields . SPRIGHTBRACE

    SPRIGHTBRACE  shift, and go to state 35


State 25

   27 Fields: Field . Fields

    error        shift, and go to state 12
    TYPEVOID     shift, and go to state 13
    TYPEINTEGER  shift, and go to state 14
    TYPEFLOAT    shift, and go to state 15
    TYPEBOOL     shift, and go to state 16
    TYPESTRING   shift, and go to state 17
    KEYCLASS     shift, and go to state 18
    KEYSTATIC    shift, and go to state 19

    SPRIGHTBRACE  reduce using rule 26 (Fields)

    VariableDef  go to state 20
    Variable     go to state 21
    Type         go to state 22
    FunctionDef  go to state 23
    Fields       go to state 36
    Field        go to state 25


State 26

   24 ClassDef: KEYCLASS IDENTIFIER KEYEXTENDS IDENTIFIER . SPLEFTBRACE Fields SPRIGHTBRACE

    SPLEFTBRACE  shift, and go to state 37


State 27

    6 VariableDef: error SPSEMICOLON .

    $default  reduce using rule 6 (VariableDef)


State 28

   15 Type: KEYCLASS IDENTIFIER .

    $default  reduce using rule 15 (Type)


State 29

   16 Type: Type . OPLEFTBRACKET OPRIGHTBRACKET
   22 FunctionDef: KEYSTATIC Type . IDENTIFIER OPLEFTPRNT Formals OPRIGHTPRNT StmtBlock

    OPLEFTBRACKET  shift, and go to state 33
    IDENTIFIER     shift, and go to state 38


State 30

    4 VariableDef: Variable SPSEMICOLON .

    $default  reduce using rule 4 (VariableDef)


State 31

    7 CommaIdentifiers: SPCOMMA . IDENTIFIER

    IDENTIFIER  shift, and go to state 39


State 32

    5 VariableDef: Variable CommaIdentifiers . SPSEMICOLON
    8 CommaIdentifiers: CommaIdentifiers . SPCOMMA IDENTIFIER

    SPSEMICOLON  shift, and go to state 40
    SPCOMMA      shift, and go to state 41


State 33

   16 Type: Type OPLEFTBRACKET . OPRIGHTBRACKET

    OPRIGHTBRACKET  shift, and go to state 42


State 34

    9 Variable: Type IDENTIFIER .
   21 FunctionDef: Type IDENTIFIER . OPLEFTPRNT Formals OPRIGHTPRNT StmtBlock

    OPLEFTPRNT  shift, and go to state 43

    $default  reduce using rule 9 (Variable)


State 35

   23 ClassDef: KEYCLASS IDENTIFIER SPLEFTBRACE Fields SPRIGHTBRACE .

    $default  reduce using rule 23 (ClassDef)


State 36

   27 Fields: Field Fields .

    $default  reduce using rule 27 (Fields)


State 37

   24 ClassDef: KEYCLASS IDENTIFIER KEYEXTENDS IDENTIFIER SPLEFTBRACE . Fields SPRIGHTBRACE

    error        shift, and go to state 12
    TYPEVOID     shift, and go to state 13
    TYPEINTEGER  shift, and go to state 14
    TYPEFLOAT    shift, and go to state 15
    TYPEBOOL     shift, and go to state 16
    TYPESTRING   shift, and go to state 17
    KEYCLASS     shift, and go to state 18
    KEYSTATIC    shift, and go to state 19

    SPRIGHTBRACE  reduce using rule 26 (Fields)

    VariableDef  go to state 20
    Variable     go to state 21
    Type         go to state 22
    FunctionDef  go to state 23
    Fields       go to state 44
    Field        go to state 25


State 38

   22 FunctionDef: KEYSTATIC Type IDENTIFIER . OPLEFTPRNT Formals OPRIGHTPRNT StmtBlock

    OPLEFTPRNT  shift, and go to state 45


State 39

    7 CommaIdentifiers: SPCOMMA IDENTIFIER .

    $default  reduce using rule 7 (CommaIdentifiers)


State 40

    5 VariableDef: Variable CommaIdentifiers SPSEMICOLON .

    $default  reduce using rule 5 (VariableDef)


State 41

    8 CommaIdentifiers: CommaIdentifiers SPCOMMA . IDENTIFIER

    IDENTIFIER  shift, and go to state 46


State 42

   16 Type: Type OPLEFTBRACKET OPRIGHTBRACKET .

    $default  reduce using rule 16 (Type)


State 43

   21 FunctionDef: Type IDENTIFIER OPLEFTPRNT . Formals OPRIGHTPRNT StmtBlock

    TYPEVOID     shift, and go to state 13
    TYPEINTEGER  shift, and go to state 14
    TYPEFLOAT    shift, and go to state 15
    TYPEBOOL     shift, and go to state 16
    TYPESTRING   shift, and go to state 17
    KEYCLASS     shift, and go to state 18

    $default  reduce using rule 19 (Formals)

    Variable   go to state 47
    Type       go to state 48
    Variables  go to state 49
    Formals    go to state 50


State 44

   24 ClassDef: KEYCLASS IDENTIFIER KEYEXTENDS IDENTIFIER SPLEFTBRACE Fields . SPRIGHTBRACE

    SPRIGHTBRACE  shift, and go to state 51


State 45

   22 FunctionDef: KEYSTATIC Type IDENTIFIER OPLEFTPRNT . Formals OPRIGHTPRNT StmtBlock

    TYPEVOID     shift, and go to state 13
    TYPEINTEGER  shift, and go to state 14
    TYPEFLOAT    shift, and go to state 15
    TYPEBOOL     shift, and go to state 16
    TYPESTRING   shift, and go to state 17
    KEYCLASS     shift, and go to state 18

    $default  reduce using rule 19 (Formals)

    Variable   go to state 47
    Type       go to state 48
    Variables  go to state 49
    Formals    go to state 52


State 46

    8 CommaIdentifiers: CommaIdentifiers SPCOMMA IDENTIFIER .

    $default  reduce using rule 8 (CommaIdentifiers)


State 47

   17 Variables: Variable .

    $default  reduce using rule 17 (Variables)


State 48

    9 Variable: Type . IDENTIFIER
   16 Type: Type . OPLEFTBRACKET OPRIGHTBRACKET

    OPLEFTBRACKET  shift, and go to state 33
    IDENTIFIER     shift, and go to state 53


State 49

   18 Variables: Variables . SPCOMMA Variable
   20 Formals: Variables .

    SPCOMMA  shift, and go to state 54

    $default  reduce using rule 20 (Formals)


State 50

   21 FunctionDef: Type IDENTIFIER OPLEFTPRNT Formals . OPRIGHTPRNT StmtBlock

    OPRIGHTPRNT  shift, and go to state 55


State 51

   24 ClassDef: KEYCLASS IDENTIFIER KEYEXTENDS IDENTIFIER SPLEFTBRACE Fields SPRIGHTBRACE .

    $default  reduce using rule 24 (ClassDef)


State 52

   22 FunctionDef: KEYSTATIC Type IDENTIFIER OPLEFTPRNT Formals . OPRIGHTPRNT StmtBlock

    OPRIGHTPRNT  shift, and go to state 56


State 53

    9 Variable: Type IDENTIFIER .

    $default  reduce using rule 9 (Variable)


State 54

   18 Variables: Variables SPCOMMA . Variable

    TYPEVOID     shift, and go to state 13
    TYPEINTEGER  shift, and go to state 14
    TYPEFLOAT    shift, and go to state 15
    TYPEBOOL     shift, and go to state 16
    TYPESTRING   shift, and go to state 17
    KEYCLASS     shift, and go to state 18

    Variable  go to state 57
    Type      go to state 48


State 55

   21 FunctionDef: Type IDENTIFIER OPLEFTPRNT Formals OPRIGHTPRNT . StmtBlock

    error        shift, and go to state 58
    SPLEFTBRACE  shift, and go to state 59

    StmtBlock  go to state 60


State 56

   22 FunctionDef: KEYSTATIC Type IDENTIFIER OPLEFTPRNT Formals OPRIGHTPRNT . StmtBlock

    error        shift, and go to state 58
    SPLEFTBRACE  shift, and go to state 59

    StmtBlock  go to state 61


State 57

   18 Variables: Variables SPCOMMA Variable .

    $default  reduce using rule 18 (Variables)


State 58

   31 StmtBlock: error . SPRIGHTBRACE

    SPRIGHTBRACE  shift, and go to state 62


State 59

   30 StmtBlock: SPLEFTBRACE . Stmts SPRIGHTBRACE

    error            shift, and go to state 63
    SPLEFTBRACE      shift, and go to state 59
    OPLEFTPRNT       shift, and go to state 64
    OPMINUS          shift, and go to state 65
    OPNOT            shift, and go to state 66
    TYPEVOID         shift, and go to state 13
    TYPEINTEGER      shift, and go to state 14
    TYPEFLOAT        shift, and go to state 15
    TYPEBOOL         shift, and go to state 16
    TYPESTRING       shift, and go to state 17
    KEYCLASS         shift, and go to state 18
    KEYNEW           shift, and go to state 67
    KEYTHIS          shift, and go to state 68
    KEYINSTANCEOF    shift, and go to state 69
    KEYIF            shift, and go to state 70
    KEYFOR           shift, and go to state 71
    KEYWHILE         shift, and go to state 72
    KEYBREAK         shift, and go to state 73
    KEYRETURN        shift, and go to state 74
    KEYPRINT         shift, and go to state 75
    KEYREADINTEGER   shift, and go to state 76
    KEYREADLINE      shift, and go to state 77
    CONSTANTNULL     shift, and go to state 78
    CONSTANTBOOL     shift, and go to state 79
    CONSTANTINTD     shift, and go to state 80
    CONSTANTINTH     shift, and go to state 81
    CONSTANTFLOAT    shift, and go to state 82
    CONSTANTFLOATSC  shift, and go to state 83
    CONSTANTSTRING   shift, and go to state 84
    IDENTIFIER       shift, and go to state 85

    SPSEMICOLON   reduce using rule 43 (SimpleStmt)
    SPRIGHTBRACE  reduce using rule 32 (Stmts)

    VariableDef  go to state 86
    Variable     go to state 21
    Type         go to state 48
    StmtBlock    go to state 87
    Stmts        go to state 88
    Stmt         go to state 89
    SimpleStmt   go to state 90
    LValue       go to state 91
    Call         go to state 92
    ForStmt      go to state 93
    WhileStmt    go to state 94
    IfStmt       go to state 95
    ReturnStmt   go to state 96
    BreakStmt    go to state 97
    PrintStmt    go to state 98
    Expr         go to state 99
    Constant     go to state 100


State 60

   21 FunctionDef: Type IDENTIFIER OPLEFTPRNT Formals OPRIGHTPRNT StmtBlock .

    $default  reduce using rule 21 (FunctionDef)


State 61

   22 FunctionDef: KEYSTATIC Type IDENTIFIER OPLEFTPRNT Formals OPRIGHTPRNT StmtBlock .

    $default  reduce using rule 22 (FunctionDef)


State 62

   31 StmtBlock: error SPRIGHTBRACE .

    $default  reduce using rule 31 (StmtBlock)


State 63

    6 VariableDef: error . SPSEMICOLON
   31 StmtBlock: error . SPRIGHTBRACE

    SPSEMICOLON   shift, and go to state 27
    SPRIGHTBRACE  shift, and go to state 62


State 64

   68 Expr: OPLEFTPRNT . Expr OPRIGHTPRNT
   88     | OPLEFTPRNT . KEYCLASS IDENTIFIER OPRIGHTPRNT Expr

    OPLEFTPRNT       shift, and go to state 64
    OPMINUS          shift, and go to state 65
    OPNOT            shift, and go to state 66
    KEYCLASS         shift, and go to state 101
    KEYNEW           shift, and go to state 67
    KEYTHIS          shift, and go to state 68
    KEYINSTANCEOF    shift, and go to state 69
    KEYREADINTEGER   shift, and go to state 76
    KEYREADLINE      shift, and go to state 77
    CONSTANTNULL     shift, and go to state 78
    CONSTANTBOOL     shift, and go to state 79
    CONSTANTINTD     shift, and go to state 80
    CONSTANTINTH     shift, and go to state 81
    CONSTANTFLOAT    shift, and go to state 82
    CONSTANTFLOATSC  shift, and go to state 83
    CONSTANTSTRING   shift, and go to state 84
    IDENTIFIER       shift, and go to state 85

    LValue    go to state 102
    Call      go to state 103
    Expr      go to state 104
    Constant  go to state 100


State 65

   73 Expr: OPMINUS . Expr

    OPLEFTPRNT       shift, and go to state 64
    OPMINUS          shift, and go to state 65
    OPNOT            shift, and go to state 66
    KEYNEW           shift, and go to state 67
    KEYTHIS          shift, and go to state 68
    KEYINSTANCEOF    shift, and go to state 69
    KEYREADINTEGER   shift, and go to state 76
    KEYREADLINE      shift, and go to state 77
    CONSTANTNULL     shift, and go to state 78
    CONSTANTBOOL     shift, and go to state 79
    CONSTANTINTD     shift, and go to state 80
    CONSTANTINTH     shift, and go to state 81
    CONSTANTFLOAT    shift, and go to state 82
    CONSTANTFLOATSC  shift, and go to state 83
    CONSTANTSTRING   shift, and go to state 84
    IDENTIFIER       shift, and go to state 85

    LValue    go to state 102
    Call      go to state 103
    Expr      go to state 105
    Constant  go to state 100


State 66

   82 Expr: OPNOT . Expr

    OPLEFTPRNT       shift, and go to state 64
    OPMINUS          shift, and go to state 65
    OPNOT            shift, and go to state 66
    KEYNEW           shift, and go to state 67
    KEYTHIS          shift, and go to state 68
    KEYINSTANCEOF    shift, and go to state 69
    KEYREADINTEGER   shift, and go to state 76
    KEYREADLINE      shift, and go to state 77
    CONSTANTNULL     shift, and go to state 78
    CONSTANTBOOL     shift, and go to state 79
    CONSTANTINTD     shift, and go to state 80
    CONSTANTINTH     shift, and go to state 81
    CONSTANTFLOAT    shift, and go to state 82
    CONSTANTFLOATSC  shift, and go to state 83
    CONSTANTSTRING   shift, and go to state 84
    IDENTIFIER       shift, and go to state 85

    LValue    go to state 102
    Call      go to state 103
    Expr      go to state 106
    Constant  go to state 100


State 67

   85 Expr: KEYNEW . IDENTIFIER OPLEFTPRNT OPRIGHTPRNT
   86     | KEYNEW . Type OPLEFTBRACKET Expr OPRIGHTBRACKET

    TYPEVOID     shift, and go to state 13
    TYPEINTEGER  shift, and go to state 14
    TYPEFLOAT    shift, and go to state 15
    TYPEBOOL     shift, and go to state 16
    TYPESTRING   shift, and go to state 17
    KEYCLASS     shift, and go to state 18
    IDENTIFIER   shift, and go to state 107

    Type  go to state 108


State 68

   66 Expr: KEYTHIS .

    $default  reduce using rule 66 (Expr)


State 69

   87 Expr: KEYINSTANCEOF . OPLEFTPRNT Expr SPCOMMA IDENTIFIER OPRIGHTPRNT

    OPLEFTPRNT  shift, and go to state 109


State 70

   57 IfStmt: KEYIF . OPLEFTPRNT BoolExpr OPRIGHTPRNT Stmt
   58       | KEYIF . OPLEFTPRNT BoolExpr OPRIGHTPRNT Stmt KEYELSE Stmt

    OPLEFTPRNT  shift, and go to state 110


State 71

   55 ForStmt: KEYFOR . OPLEFTPRNT SimpleStmt SPSEMICOLON BoolExpr SPSEMICOLON SimpleStmt OPRIGHTPRNT Stmt

    OPLEFTPRNT  shift, and go to state 111


State 72

   56 WhileStmt: KEYWHILE . OPLEFTPRNT BoolExpr OPRIGHTPRNT Stmt

    OPLEFTPRNT  shift, and go to state 112


State 73

   61 BreakStmt: KEYBREAK .

    $default  reduce using rule 61 (BreakStmt)


State 74

   59 ReturnStmt: KEYRETURN .
   60           | KEYRETURN . Expr

    OPLEFTPRNT       shift, and go to state 64
    OPMINUS          shift, and go to state 65
    OPNOT            shift, and go to state 66
    KEYNEW           shift, and go to state 67
    KEYTHIS          shift, and go to state 68
    KEYINSTANCEOF    shift, and go to state 69
    KEYREADINTEGER   shift, and go to state 76
    KEYREADLINE      shift, and go to state 77
    CONSTANTNULL     shift, and go to state 78
    CONSTANTBOOL     shift, and go to state 79
    CONSTANTINTD     shift, and go to state 80
    CONSTANTINTH     shift, and go to state 81
    CONSTANTFLOAT    shift, and go to state 82
    CONSTANTFLOATSC  shift, and go to state 83
    CONSTANTSTRING   shift, and go to state 84
    IDENTIFIER       shift, and go to state 85

    $default  reduce using rule 59 (ReturnStmt)

    LValue    go to state 102
    Call      go to state 103
    Expr      go to state 113
    Constant  go to state 100


State 75

   62 PrintStmt: KEYPRINT . OPLEFTPRNT Exprs OPRIGHTPRNT

    OPLEFTPRNT  shift, and go to state 114


State 76

   83 Expr: KEYREADINTEGER . OPLEFTPRNT OPRIGHTPRNT

    OPLEFTPRNT  shift, and go to state 115


State 77

   84 Expr: KEYREADLINE . OPLEFTPRNT OPRIGHTPRNT

    OPLEFTPRNT  shift, and go to state 116


State 78

   95 Constant: CONSTANTNULL .

    $default  reduce using rule 95 (Constant)


State 79

   93 Constant: CONSTANTBOOL .

    $default  reduce using rule 93 (Constant)


State 80

   89 Constant: CONSTANTINTD .

    $default  reduce using rule 89 (Constant)


State 81

   90 Constant: CONSTANTINTH .

    $default  reduce using rule 90 (Constant)


State 82

   91 Constant: CONSTANTFLOAT .

    $default  reduce using rule 91 (Constant)


State 83

   92 Constant: CONSTANTFLOATSC .

    $default  reduce using rule 92 (Constant)


State 84

   94 Constant: CONSTANTSTRING .

    $default  reduce using rule 94 (Constant)


State 85

   46 LValue: IDENTIFIER .
   49 Call: IDENTIFIER . OPLEFTPRNT Actuals OPRIGHTPRNT

    OPLEFTPRNT  shift, and go to state 117

    $default  reduce using rule 46 (LValue)


State 86

   34 Stmt: VariableDef .

    $default  reduce using rule 34 (Stmt)


State 87

   42 Stmt: StmtBlock .

    $default  reduce using rule 42 (Stmt)


State 88

   30 StmtBlock: SPLEFTBRACE Stmts . SPRIGHTBRACE

    SPRIGHTBRACE  shift, and go to state 118


State 89

   33 Stmts: Stmt . Stmts

    error            shift, and go to state 63
    SPLEFTBRACE      shift, and go to state 59
    OPLEFTPRNT       shift, and go to state 64
    OPMINUS          shift, and go to state 65
    OPNOT            shift, and go to state 66
    TYPEVOID         shift, and go to state 13
    TYPEINTEGER      shift, and go to state 14
    TYPEFLOAT        shift, and go to state 15
    TYPEBOOL         shift, and go to state 16
    TYPESTRING       shift, and go to state 17
    KEYCLASS         shift, and go to state 18
    KEYNEW           shift, and go to state 67
    KEYTHIS          shift, and go to state 68
    KEYINSTANCEOF    shift, and go to state 69
    KEYIF            shift, and go to state 70
    KEYFOR           shift, and go to state 71
    KEYWHILE         shift, and go to state 72
    KEYBREAK         shift, and go to state 73
    KEYRETURN        shift, and go to state 74
    KEYPRINT         shift, and go to state 75
    KEYREADINTEGER   shift, and go to state 76
    KEYREADLINE      shift, and go to state 77
    CONSTANTNULL     shift, and go to state 78
    CONSTANTBOOL     shift, and go to state 79
    CONSTANTINTD     shift, and go to state 80
    CONSTANTINTH     shift, and go to state 81
    CONSTANTFLOAT    shift, and go to state 82
    CONSTANTFLOATSC  shift, and go to state 83
    CONSTANTSTRING   shift, and go to state 84
    IDENTIFIER       shift, and go to state 85

    SPSEMICOLON   reduce using rule 43 (SimpleStmt)
    SPRIGHTBRACE  reduce using rule 32 (Stmts)

    VariableDef  go to state 86
    Variable     go to state 21
    Type         go to state 48
    StmtBlock    go to state 87
    Stmts        go to state 119
    Stmt         go to state 89
    SimpleStmt   go to state 90
    LValue       go to state 91
    Call         go to state 92
    ForStmt      go to state 93
    WhileStmt    go to state 94
    IfStmt       go to state 95
    ReturnStmt   go to state 96
    BreakStmt    go to state 97
    PrintStmt    go to state 98
    Expr         go to state 99
    Constant     go to state 100


State 90

   35 Stmt: SimpleStmt . SPSEMICOLON

    SPSEMICOLON  shift, and go to state 120


State 91

   44 SimpleStmt: LValue . OPASSIGN Expr
   65 Expr: LValue .

    OPASSIGN  shift, and go to state 121

    $default  reduce using rule 65 (Expr)


State 92

   45 SimpleStmt: Call .
   67 Expr: Call .

    SPSEMICOLON  reduce using rule 45 (SimpleStmt)
    OPRIGHTPRNT  reduce using rule 45 (SimpleStmt)
    $default     reduce using rule 67 (Expr)


State 93

   38 Stmt: ForStmt .

    $default  reduce using rule 38 (Stmt)


State 94

   37 Stmt: WhileStmt .

    $default  reduce using rule 37 (Stmt)


State 95

   36 Stmt: IfStmt .

    $default  reduce using rule 36 (Stmt)


State 96

   40 Stmt: ReturnStmt . SPSEMICOLON

    SPSEMICOLON  shift, and go to state 122


State 97

   39 Stmt: BreakStmt . SPSEMICOLON

    SPSEMICOLON  shift, and go to state 123


State 98

   41 Stmt: PrintStmt . SPSEMICOLON

    SPSEMICOLON  shift, and go to state 124


State 99

   47 LValue: Expr . SPDOT IDENTIFIER
   48       | Expr . OPLEFTBRACKET Expr OPRIGHTBRACKET
   50 Call: Expr . SPDOT IDENTIFIER OPLEFTPRNT Actuals OPRIGHTPRNT
   69 Expr: Expr . OPPLUS Expr
   70     | Expr . OPMINUS Expr
   71     | Expr . OPMULTIPLY Expr
   72     | Expr . OPDIVIDE Expr
   74     | Expr . OPLIGHT Expr
   75     | Expr . OPLIGHTEQ Expr
   76     | Expr . OPGREAT Expr
   77     | Expr . OPGREATEQ Expr
   78     | Expr . OPEQUAL Expr
   79     | Expr . OPNOTEQUAL Expr
   80     | Expr . OPAND Expr
   81     | Expr . OPOR Expr

    SPDOT          shift, and go to state 125
    OPLEFTBRACKET  shift, and go to state 126
    OPPLUS         shift, and go to state 127
    OPMINUS        shift, and go to state 128
    OPMULTIPLY     shift, and go to state 129
    OPDIVIDE       shift, and go to state 130
    OPAND          shift, and go to state 131
    OPOR           shift, and go to state 132
    OPEQUAL        shift, and go to state 133
    OPNOTEQUAL     shift, and go to state 134
    OPGREAT        shift, and go to state 135
    OPLIGHT        shift, and go to state 136
    OPGREATEQ      shift, and go to state 137
    OPLIGHTEQ      shift, and go to state 138


State 100

   64 Expr: Constant .

    $default  reduce using rule 64 (Expr)


State 101

   88 Expr: OPLEFTPRNT KEYCLASS . IDENTIFIER OPRIGHTPRNT Expr

    IDENTIFIER  shift, and go to state 139


State 102

   65 Expr: LValue .

    $default  reduce using rule 65 (Expr)


State 103

   67 Expr: Call .

    $default  reduce using rule 67 (Expr)


State 104

   47 LValue: Expr . SPDOT IDENTIFIER
   48       | Expr . OPLEFTBRACKET Expr OPRIGHTBRACKET
   50 Call: Expr . SPDOT IDENTIFIER OPLEFTPRNT Actuals OPRIGHTPRNT
   68 Expr: OPLEFTPRNT Expr . OPRIGHTPRNT
   69     | Expr . OPPLUS Expr
   70     | Expr . OPMINUS Expr
   71     | Expr . OPMULTIPLY Expr
   72     | Expr . OPDIVIDE Expr
   74     | Expr . OPLIGHT Expr
   75     | Expr . OPLIGHTEQ Expr
   76     | Expr . OPGREAT Expr
   77     | Expr . OPGREATEQ Expr
   78     | Expr . OPEQUAL Expr
   79     | Expr . OPNOTEQUAL Expr
   80     | Expr . OPAND Expr
   81     | Expr . OPOR Expr

    SPDOT          shift, and go to state 125
    OPRIGHTPRNT    shift, and go to state 140
    OPLEFTBRACKET  shift, and go to state 126
    OPPLUS         shift, and go to state 127
    OPMINUS        shift, and go to state 128
    OPMULTIPLY     shift, and go to state 129
    OPDIVIDE       shift, and go to state 130
    OPAND          shift, and go to state 131
    OPOR           shift, and go to state 132
    OPEQUAL        shift, and go to state 133
    OPNOTEQUAL     shift, and go to state 134
    OPGREAT        shift, and go to state 135
    OPLIGHT        shift, and go to state 136
    OPGREATEQ      shift, and go to state 137
    OPLIGHTEQ      shift, and go to state 138


State 105

   47 LValue: Expr . SPDOT IDENTIFIER
   48       | Expr . OPLEFTBRACKET Expr OPRIGHTBRACKET
   50 Call: Expr . SPDOT IDENTIFIER OPLEFTPRNT Actuals OPRIGHTPRNT
   69 Expr: Expr . OPPLUS Expr
   70     | Expr . OPMINUS Expr
   71     | Expr . OPMULTIPLY Expr
   72     | Expr . OPDIVIDE Expr
   73     | OPMINUS Expr .
   74     | Expr . OPLIGHT Expr
   75     | Expr . OPLIGHTEQ Expr
   76     | Expr . OPGREAT Expr
   77     | Expr . OPGREATEQ Expr
   78     | Expr . OPEQUAL Expr
   79     | Expr . OPNOTEQUAL Expr
   80     | Expr . OPAND Expr
   81     | Expr . OPOR Expr

    SPDOT          shift, and go to state 125
    OPLEFTBRACKET  shift, and go to state 126
    OPMULTIPLY     shift, and go to state 129
    OPDIVIDE       shift, and go to state 130

    $default  reduce using rule 73 (Expr)


State 106

   47 LValue: Expr . SPDOT IDENTIFIER
   48       | Expr . OPLEFTBRACKET Expr OPRIGHTBRACKET
   50 Call: Expr . SPDOT IDENTIFIER OPLEFTPRNT Actuals OPRIGHTPRNT
   69 Expr: Expr . OPPLUS Expr
   70     | Expr . OPMINUS Expr
   71     | Expr . OPMULTIPLY Expr
   72     | Expr . OPDIVIDE Expr
   74     | Expr . OPLIGHT Expr
   75     | Expr . OPLIGHTEQ Expr
   76     | Expr . OPGREAT Expr
   77     | Expr . OPGREATEQ Expr
   78     | Expr . OPEQUAL Expr
   79     | Expr . OPNOTEQUAL Expr
   80     | Expr . OPAND Expr
   81     | Expr . OPOR Expr
   82     | OPNOT Expr .

    SPDOT          shift, and go to state 125
    OPLEFTBRACKET  shift, and go to state 126

    $default  reduce using rule 82 (Expr)


State 107

   85 Expr: KEYNEW IDENTIFIER . OPLEFTPRNT OPRIGHTPRNT

    OPLEFTPRNT  shift, and go to state 141


State 108

   16 Type: Type . OPLEFTBRACKET OPRIGHTBRACKET
   86 Expr: KEYNEW Type . OPLEFTBRACKET Expr OPRIGHTBRACKET

    OPLEFTBRACKET  shift, and go to state 142


State 109

   87 Expr: KEYINSTANCEOF OPLEFTPRNT . Expr SPCOMMA IDENTIFIER OPRIGHTPRNT

    OPLEFTPRNT       shift, and go to state 64
    OPMINUS          shift, and go to state 65
    OPNOT            shift, and go to state 66
    KEYNEW           shift, and go to state 67
    KEYTHIS          shift, and go to state 68
    KEYINSTANCEOF    shift, and go to state 69
    KEYREADINTEGER   shift, and go to state 76
    KEYREADLINE      shift, and go to state 77
    CONSTANTNULL     shift, and go to state 78
    CONSTANTBOOL     shift, and go to state 79
    CONSTANTINTD     shift, and go to state 80
    CONSTANTINTH     shift, and go to state 81
    CONSTANTFLOAT    shift, and go to state 82
    CONSTANTFLOATSC  shift, and go to state 83
    CONSTANTSTRING   shift, and go to state 84
    IDENTIFIER       shift, and go to state 85

    LValue    go to state 102
    Call      go to state 103
    Expr      go to state 143
    Constant  go to state 100


State 110

   57 IfStmt: KEYIF OPLEFTPRNT . BoolExpr OPRIGHTPRNT Stmt
   58       | KEYIF OPLEFTPRNT . BoolExpr OPRIGHTPRNT Stmt KEYELSE Stmt

    OPLEFTPRNT       shift, and go to state 64
    OPMINUS          shift, and go to state 65
    OPNOT            shift, and go to state 66
    KEYNEW           shift, and go to state 67
    KEYTHIS          shift, and go to state 68
    KEYINSTANCEOF    shift, and go to state 69
    KEYREADINTEGER   shift, and go to state 76
    KEYREADLINE      shift, and go to state 77
    CONSTANTNULL     shift, and go to state 78
    CONSTANTBOOL     shift, and go to state 79
    CONSTANTINTD     shift, and go to state 80
    CONSTANTINTH     shift, and go to state 81
    CONSTANTFLOAT    shift, and go to state 82
    CONSTANTFLOATSC  shift, and go to state 83
    CONSTANTSTRING   shift, and go to state 84
    IDENTIFIER       shift, and go to state 85

    LValue    go to state 102
    Call      go to state 103
    BoolExpr  go to state 144
    Expr      go to state 145
    Constant  go to state 100


State 111

   55 ForStmt: KEYFOR OPLEFTPRNT . SimpleStmt SPSEMICOLON BoolExpr SPSEMICOLON SimpleStmt OPRIGHTPRNT Stmt

    OPLEFTPRNT       shift, and go to state 64
    OPMINUS          shift, and go to state 65
    OPNOT            shift, and go to state 66
    KEYNEW           shift, and go to state 67
    KEYTHIS          shift, and go to state 68
    KEYINSTANCEOF    shift, and go to state 69
    KEYREADINTEGER   shift, and go to state 76
    KEYREADLINE      shift, and go to state 77
    CONSTANTNULL     shift, and go to state 78
    CONSTANTBOOL     shift, and go to state 79
    CONSTANTINTD     shift, and go to state 80
    CONSTANTINTH     shift, and go to state 81
    CONSTANTFLOAT    shift, and go to state 82
    CONSTANTFLOATSC  shift, and go to state 83
    CONSTANTSTRING   shift, and go to state 84
    IDENTIFIER       shift, and go to state 85

    $default  reduce using rule 43 (SimpleStmt)

    SimpleStmt  go to state 146
    LValue      go to state 91
    Call        go to state 92
    Expr        go to state 99
    Constant    go to state 100


State 112

   56 WhileStmt: KEYWHILE OPLEFTPRNT . BoolExpr OPRIGHTPRNT Stmt

    OPLEFTPRNT       shift, and go to state 64
    OPMINUS          shift, and go to state 65
    OPNOT            shift, and go to state 66
    KEYNEW           shift, and go to state 67
    KEYTHIS          shift, and go to state 68
    KEYINSTANCEOF    shift, and go to state 69
    KEYREADINTEGER   shift, and go to state 76
    KEYREADLINE      shift, and go to state 77
    CONSTANTNULL     shift, and go to state 78
    CONSTANTBOOL     shift, and go to state 79
    CONSTANTINTD     shift, and go to state 80
    CONSTANTINTH     shift, and go to state 81
    CONSTANTFLOAT    shift, and go to state 82
    CONSTANTFLOATSC  shift, and go to state 83
    CONSTANTSTRING   shift, and go to state 84
    IDENTIFIER       shift, and go to state 85

    LValue    go to state 102
    Call      go to state 103
    BoolExpr  go to state 147
    Expr      go to state 145
    Constant  go to state 100


State 113

   47 LValue: Expr . SPDOT IDENTIFIER
   48       | Expr . OPLEFTBRACKET Expr OPRIGHTBRACKET
   50 Call: Expr . SPDOT IDENTIFIER OPLEFTPRNT Actuals OPRIGHTPRNT
   60 ReturnStmt: KEYRETURN Expr .
   69 Expr: Expr . OPPLUS Expr
   70     | Expr . OPMINUS Expr
   71     | Expr . OPMULTIPLY Expr
   72     | Expr . OPDIVIDE Expr
   74     | Expr . OPLIGHT Expr
   75     | Expr . OPLIGHTEQ Expr
   76     | Expr . OPGREAT Expr
   77     | Expr . OPGREATEQ Expr
   78     | Expr . OPEQUAL Expr
   79     | Expr . OPNOTEQUAL Expr
   80     | Expr . OPAND Expr
   81     | Expr . OPOR Expr

    SPDOT          shift, and go to state 125
    OPLEFTBRACKET  shift, and go to state 126
    OPPLUS         shift, and go to state 127
    OPMINUS        shift, and go to state 128
    OPMULTIPLY     shift, and go to state 129
    OPDIVIDE       shift, and go to state 130
    OPAND          shift, and go to state 131
    OPOR           shift, and go to state 132
    OPEQUAL        shift, and go to state 133
    OPNOTEQUAL     shift, and go to state 134
    OPGREAT        shift, and go to state 135
    OPLIGHT        shift, and go to state 136
    OPGREATEQ      shift, and go to state 137
    OPLIGHTEQ      shift, and go to state 138

    $default  reduce using rule 60 (ReturnStmt)


State 114

   62 PrintStmt: KEYPRINT OPLEFTPRNT . Exprs OPRIGHTPRNT

    OPLEFTPRNT       shift, and go to state 64
    OPMINUS          shift, and go to state 65
    OPNOT            shift, and go to state 66
    KEYNEW           shift, and go to state 67
    KEYTHIS          shift, and go to state 68
    KEYINSTANCEOF    shift, and go to state 69
    KEYREADINTEGER   shift, and go to state 76
    KEYREADLINE      shift, and go to state 77
    CONSTANTNULL     shift, and go to state 78
    CONSTANTBOOL     shift, and go to state 79
    CONSTANTINTD     shift, and go to state 80
    CONSTANTINTH     shift, and go to state 81
    CONSTANTFLOAT    shift, and go to state 82
    CONSTANTFLOATSC  shift, and go to state 83
    CONSTANTSTRING   shift, and go to state 84
    IDENTIFIER       shift, and go to state 85

    LValue    go to state 102
    Call      go to state 103
    Exprs     go to state 148
    Expr      go to state 149
    Constant  go to state 100


State 115

   83 Expr: KEYREADINTEGER OPLEFTPRNT . OPRIGHTPRNT

    OPRIGHTPRNT  shift, and go to state 150


State 116

   84 Expr: KEYREADLINE OPLEFTPRNT . OPRIGHTPRNT

    OPRIGHTPRNT  shift, and go to state 151


State 117

   49 Call: IDENTIFIER OPLEFTPRNT . Actuals OPRIGHTPRNT

    OPLEFTPRNT       shift, and go to state 64
    OPMINUS          shift, and go to state 65
    OPNOT            shift, and go to state 66
    KEYNEW           shift, and go to state 67
    KEYTHIS          shift, and go to state 68
    KEYINSTANCEOF    shift, and go to state 69
    KEYREADINTEGER   shift, and go to state 76
    KEYREADLINE      shift, and go to state 77
    CONSTANTNULL     shift, and go to state 78
    CONSTANTBOOL     shift, and go to state 79
    CONSTANTINTD     shift, and go to state 80
    CONSTANTINTH     shift, and go to state 81
    CONSTANTFLOAT    shift, and go to state 82
    CONSTANTFLOATSC  shift, and go to state 83
    CONSTANTSTRING   shift, and go to state 84
    IDENTIFIER       shift, and go to state 85

    $default  reduce using rule 51 (Actuals)

    LValue    go to state 102
    Call      go to state 103
    Actuals   go to state 152
    Exprs     go to state 153
    Expr      go to state 149
    Constant  go to state 100


State 118

   30 StmtBlock: SPLEFTBRACE Stmts SPRIGHTBRACE .

    $default  reduce using rule 30 (StmtBlock)


State 119

   33 Stmts: Stmt Stmts .

    $default  reduce using rule 33 (Stmts)


State 120

   35 Stmt: SimpleStmt SPSEMICOLON .

    $default  reduce using rule 35 (Stmt)


State 121

   44 SimpleStmt: LValue OPASSIGN . Expr

    OPLEFTPRNT       shift, and go to state 64
    OPMINUS          shift, and go to state 65
    OPNOT            shift, and go to state 66
    KEYNEW           shift, and go to state 67
    KEYTHIS          shift, and go to state 68
    KEYINSTANCEOF    shift, and go to state 69
    KEYREADINTEGER   shift, and go to state 76
    KEYREADLINE      shift, and go to state 77
    CONSTANTNULL     shift, and go to state 78
    CONSTANTBOOL     shift, and go to state 79
    CONSTANTINTD     shift, and go to state 80
    CONSTANTINTH     shift, and go to state 81
    CONSTANTFLOAT    shift, and go to state 82
    CONSTANTFLOATSC  shift, and go to state 83
    CONSTANTSTRING   shift, and go to state 84
    IDENTIFIER       shift, and go to state 85

    LValue    go to state 102
    Call      go to state 103
    Expr      go to state 154
    Constant  go to state 100


State 122

   40 Stmt: ReturnStmt SPSEMICOLON .

    $default  reduce using rule 40 (Stmt)


State 123

   39 Stmt: BreakStmt SPSEMICOLON .

    $default  reduce using rule 39 (Stmt)


State 124

   41 Stmt: PrintStmt SPSEMICOLON .

    $default  reduce using rule 41 (Stmt)


State 125

   47 LValue: Expr SPDOT . IDENTIFIER
   50 Call: Expr SPDOT . IDENTIFIER OPLEFTPRNT Actuals OPRIGHTPRNT

    IDENTIFIER  shift, and go to state 155


State 126

   48 LValue: Expr OPLEFTBRACKET . Expr OPRIGHTBRACKET

    OPLEFTPRNT       shift, and go to state 64
    OPMINUS          shift, and go to state 65
    OPNOT            shift, and go to state 66
    KEYNEW           shift, and go to state 67
    KEYTHIS          shift, and go to state 68
    KEYINSTANCEOF    shift, and go to state 69
    KEYREADINTEGER   shift, and go to state 76
    KEYREADLINE      shift, and go to state 77
    CONSTANTNULL     shift, and go to state 78
    CONSTANTBOOL     shift, and go to state 79
    CONSTANTINTD     shift, and go to state 80
    CONSTANTINTH     shift, and go to state 81
    CONSTANTFLOAT    shift, and go to state 82
    CONSTANTFLOATSC  shift, and go to state 83
    CONSTANTSTRING   shift, and go to state 84
    IDENTIFIER       shift, and go to state 85

    LValue    go to state 102
    Call      go to state 103
    Expr      go to state 156
    Constant  go to state 100


State 127

   69 Expr: Expr OPPLUS . Expr

    OPLEFTPRNT       shift, and go to state 64
    OPMINUS          shift, and go to state 65
    OPNOT            shift, and go to state 66
    KEYNEW           shift, and go to state 67
    KEYTHIS          shift, and go to state 68
    KEYINSTANCEOF    shift, and go to state 69
    KEYREADINTEGER   shift, and go to state 76
    KEYREADLINE      shift, and go to state 77
    CONSTANTNULL     shift, and go to state 78
    CONSTANTBOOL     shift, and go to state 79
    CONSTANTINTD     shift, and go to state 80
    CONSTANTINTH     shift, and go to state 81
    CONSTANTFLOAT    shift, and go to state 82
    CONSTANTFLOATSC  shift, and go to state 83
    CONSTANTSTRING   shift, and go to state 84
    IDENTIFIER       shift, and go to state 85

    LValue    go to state 102
    Call      go to state 103
    Expr      go to state 157
    Constant  go to state 100


State 128

   70 Expr: Expr OPMINUS . Expr

    OPLEFTPRNT       shift, and go to state 64
    OPMINUS          shift, and go to state 65
    OPNOT            shift, and go to state 66
    KEYNEW           shift, and go to state 67
    KEYTHIS          shift, and go to state 68
    KEYINSTANCEOF    shift, and go to state 69
    KEYREADINTEGER   shift, and go to state 76
    KEYREADLINE      shift, and go to state 77
    CONSTANTNULL     shift, and go to state 78
    CONSTANTBOOL     shift, and go to state 79
    CONSTANTINTD     shift, and go to state 80
    CONSTANTINTH     shift, and go to state 81
    CONSTANTFLOAT    shift, and go to state 82
    CONSTANTFLOATSC  shift, and go to state 83
    CONSTANTSTRING   shift, and go to state 84
    IDENTIFIER       shift, and go to state 85

    LValue    go to state 102
    Call      go to state 103
    Expr      go to state 158
    Constant  go to state 100


State 129

   71 Expr: Expr OPMULTIPLY . Expr

    OPLEFTPRNT       shift, and go to state 64
    OPMINUS          shift, and go to state 65
    OPNOT            shift, and go to state 66
    KEYNEW           shift, and go to state 67
    KEYTHIS          shift, and go to state 68
    KEYINSTANCEOF    shift, and go to state 69
    KEYREADINTEGER   shift, and go to state 76
    KEYREADLINE      shift, and go to state 77
    CONSTANTNULL     shift, and go to state 78
    CONSTANTBOOL     shift, and go to state 79
    CONSTANTINTD     shift, and go to state 80
    CONSTANTINTH     shift, and go to state 81
    CONSTANTFLOAT    shift, and go to state 82
    CONSTANTFLOATSC  shift, and go to state 83
    CONSTANTSTRING   shift, and go to state 84
    IDENTIFIER       shift, and go to state 85

    LValue    go to state 102
    Call      go to state 103
    Expr      go to state 159
    Constant  go to state 100


State 130

   72 Expr: Expr OPDIVIDE . Expr

    OPLEFTPRNT       shift, and go to state 64
    OPMINUS          shift, and go to state 65
    OPNOT            shift, and go to state 66
    KEYNEW           shift, and go to state 67
    KEYTHIS          shift, and go to state 68
    KEYINSTANCEOF    shift, and go to state 69
    KEYREADINTEGER   shift, and go to state 76
    KEYREADLINE      shift, and go to state 77
    CONSTANTNULL     shift, and go to state 78
    CONSTANTBOOL     shift, and go to state 79
    CONSTANTINTD     shift, and go to state 80
    CONSTANTINTH     shift, and go to state 81
    CONSTANTFLOAT    shift, and go to state 82
    CONSTANTFLOATSC  shift, and go to state 83
    CONSTANTSTRING   shift, and go to state 84
    IDENTIFIER       shift, and go to state 85

    LValue    go to state 102
    Call      go to state 103
    Expr      go to state 160
    Constant  go to state 100


State 131

   80 Expr: Expr OPAND . Expr

    OPLEFTPRNT       shift, and go to state 64
    OPMINUS          shift, and go to state 65
    OPNOT            shift, and go to state 66
    KEYNEW           shift, and go to state 67
    KEYTHIS          shift, and go to state 68
    KEYINSTANCEOF    shift, and go to state 69
    KEYREADINTEGER   shift, and go to state 76
    KEYREADLINE      shift, and go to state 77
    CONSTANTNULL     shift, and go to state 78
    CONSTANTBOOL     shift, and go to state 79
    CONSTANTINTD     shift, and go to state 80
    CONSTANTINTH     shift, and go to state 81
    CONSTANTFLOAT    shift, and go to state 82
    CONSTANTFLOATSC  shift, and go to state 83
    CONSTANTSTRING   shift, and go to state 84
    IDENTIFIER       shift, and go to state 85

    LValue    go to state 102
    Call      go to state 103
    Expr      go to state 161
    Constant  go to state 100


State 132

   81 Expr: Expr OPOR . Expr

    OPLEFTPRNT       shift, and go to state 64
    OPMINUS          shift, and go to state 65
    OPNOT            shift, and go to state 66
    KEYNEW           shift, and go to state 67
    KEYTHIS          shift, and go to state 68
    KEYINSTANCEOF    shift, and go to state 69
    KEYREADINTEGER   shift, and go to state 76
    KEYREADLINE      shift, and go to state 77
    CONSTANTNULL     shift, and go to state 78
    CONSTANTBOOL     shift, and go to state 79
    CONSTANTINTD     shift, and go to state 80
    CONSTANTINTH     shift, and go to state 81
    CONSTANTFLOAT    shift, and go to state 82
    CONSTANTFLOATSC  shift, and go to state 83
    CONSTANTSTRING   shift, and go to state 84
    IDENTIFIER       shift, and go to state 85

    LValue    go to state 102
    Call      go to state 103
    Expr      go to state 162
    Constant  go to state 100


State 133

   78 Expr: Expr OPEQUAL . Expr

    OPLEFTPRNT       shift, and go to state 64
    OPMINUS          shift, and go to state 65
    OPNOT            shift, and go to state 66
    KEYNEW           shift, and go to state 67
    KEYTHIS          shift, and go to state 68
    KEYINSTANCEOF    shift, and go to state 69
    KEYREADINTEGER   shift, and go to state 76
    KEYREADLINE      shift, and go to state 77
    CONSTANTNULL     shift, and go to state 78
    CONSTANTBOOL     shift, and go to state 79
    CONSTANTINTD     shift, and go to state 80
    CONSTANTINTH     shift, and go to state 81
    CONSTANTFLOAT    shift, and go to state 82
    CONSTANTFLOATSC  shift, and go to state 83
    CONSTANTSTRING   shift, and go to state 84
    IDENTIFIER       shift, and go to state 85

    LValue    go to state 102
    Call      go to state 103
    Expr      go to state 163
    Constant  go to state 100


State 134

   79 Expr: Expr OPNOTEQUAL . Expr

    OPLEFTPRNT       shift, and go to state 64
    OPMINUS          shift, and go to state 65
    OPNOT            shift, and go to state 66
    KEYNEW           shift, and go to state 67
    KEYTHIS          shift, and go to state 68
    KEYINSTANCEOF    shift, and go to state 69
    KEYREADINTEGER   shift, and go to state 76
    KEYREADLINE      shift, and go to state 77
    CONSTANTNULL     shift, and go to state 78
    CONSTANTBOOL     shift, and go to state 79
    CONSTANTINTD     shift, and go to state 80
    CONSTANTINTH     shift, and go to state 81
    CONSTANTFLOAT    shift, and go to state 82
    CONSTANTFLOATSC  shift, and go to state 83
    CONSTANTSTRING   shift, and go to state 84
    IDENTIFIER       shift, and go to state 85

    LValue    go to state 102
    Call      go to state 103
    Expr      go to state 164
    Constant  go to state 100


State 135

   76 Expr: Expr OPGREAT . Expr

    OPLEFTPRNT       shift, and go to state 64
    OPMINUS          shift, and go to state 65
    OPNOT            shift, and go to state 66
    KEYNEW           shift, and go to state 67
    KEYTHIS          shift, and go to state 68
    KEYINSTANCEOF    shift, and go to state 69
    KEYREADINTEGER   shift, and go to state 76
    KEYREADLINE      shift, and go to state 77
    CONSTANTNULL     shift, and go to state 78
    CONSTANTBOOL     shift, and go to state 79
    CONSTANTINTD     shift, and go to state 80
    CONSTANTINTH     shift, and go to state 81
    CONSTANTFLOAT    shift, and go to state 82
    CONSTANTFLOATSC  shift, and go to state 83
    CONSTANTSTRING   shift, and go to state 84
    IDENTIFIER       shift, and go to state 85

    LValue    go to state 102
    Call      go to state 103
    Expr      go to state 165
    Constant  go to state 100


State 136

   74 Expr: Expr OPLIGHT . Expr

    OPLEFTPRNT       shift, and go to state 64
    OPMINUS          shift, and go to state 65
    OPNOT            shift, and go to state 66
    KEYNEW           shift, and go to state 67
    KEYTHIS          shift, and go to state 68
    KEYINSTANCEOF    shift, and go to state 69
    KEYREADINTEGER   shift, and go to state 76
    KEYREADLINE      shift, and go to state 77
    CONSTANTNULL     shift, and go to state 78
    CONSTANTBOOL     shift, and go to state 79
    CONSTANTINTD     shift, and go to state 80
    CONSTANTINTH     shift, and go to state 81
    CONSTANTFLOAT    shift, and go to state 82
    CONSTANTFLOATSC  shift, and go to state 83
    CONSTANTSTRING   shift, and go to state 84
    IDENTIFIER       shift, and go to state 85

    LValue    go to state 102
    Call      go to state 103
    Expr      go to state 166
    Constant  go to state 100


State 137

   77 Expr: Expr OPGREATEQ . Expr

    OPLEFTPRNT       shift, and go to state 64
    OPMINUS          shift, and go to state 65
    OPNOT            shift, and go to state 66
    KEYNEW           shift, and go to state 67
    KEYTHIS          shift, and go to state 68
    KEYINSTANCEOF    shift, and go to state 69
    KEYREADINTEGER   shift, and go to state 76
    KEYREADLINE      shift, and go to state 77
    CONSTANTNULL     shift, and go to state 78
    CONSTANTBOOL     shift, and go to state 79
    CONSTANTINTD     shift, and go to state 80
    CONSTANTINTH     shift, and go to state 81
    CONSTANTFLOAT    shift, and go to state 82
    CONSTANTFLOATSC  shift, and go to state 83
    CONSTANTSTRING   shift, and go to state 84
    IDENTIFIER       shift, and go to state 85

    LValue    go to state 102
    Call      go to state 103
    Expr      go to state 167
    Constant  go to state 100


State 138

   75 Expr: Expr OPLIGHTEQ . Expr

    OPLEFTPRNT       shift, and go to state 64
    OPMINUS          shift, and go to state 65
    OPNOT            shift, and go to state 66
    KEYNEW           shift, and go to state 67
    KEYTHIS          shift, and go to state 68
    KEYINSTANCEOF    shift, and go to state 69
    KEYREADINTEGER   shift, and go to state 76
    KEYREADLINE      shift, and go to state 77
    CONSTANTNULL     shift, and go to state 78
    CONSTANTBOOL     shift, and go to state 79
    CONSTANTINTD     shift, and go to state 80
    CONSTANTINTH     shift, and go to state 81
    CONSTANTFLOAT    shift, and go to state 82
    CONSTANTFLOATSC  shift, and go to state 83
    CONSTANTSTRING   shift, and go to state 84
    IDENTIFIER       shift, and go to state 85

    LValue    go to state 102
    Call      go to state 103
    Expr      go to state 168
    Constant  go to state 100


State 139

   88 Expr: OPLEFTPRNT KEYCLASS IDENTIFIER . OPRIGHTPRNT Expr

    OPRIGHTPRNT  shift, and go to state 169


State 140

   68 Expr: OPLEFTPRNT Expr OPRIGHTPRNT .

    $default  reduce using rule 68 (Expr)


State 141

   85 Expr: KEYNEW IDENTIFIER OPLEFTPRNT . OPRIGHTPRNT

    OPRIGHTPRNT  shift, and go to state 170


State 142

   16 Type: Type OPLEFTBRACKET . OPRIGHTBRACKET
   86 Expr: KEYNEW Type OPLEFTBRACKET . Expr OPRIGHTBRACKET

    OPLEFTPRNT       shift, and go to state 64
    OPRIGHTBRACKET   shift, and go to state 42
    OPMINUS          shift, and go to state 65
    OPNOT            shift, and go to state 66
    KEYNEW           shift, and go to state 67
    KEYTHIS          shift, and go to state 68
    KEYINSTANCEOF    shift, and go to state 69
    KEYREADINTEGER   shift, and go to state 76
    KEYREADLINE      shift, and go to state 77
    CONSTANTNULL     shift, and go to state 78
    CONSTANTBOOL     shift, and go to state 79
    CONSTANTINTD     shift, and go to state 80
    CONSTANTINTH     shift, and go to state 81
    CONSTANTFLOAT    shift, and go to state 82
    CONSTANTFLOATSC  shift, and go to state 83
    CONSTANTSTRING   shift, and go to state 84
    IDENTIFIER       shift, and go to state 85

    LValue    go to state 102
    Call      go to state 103
    Expr      go to state 171
    Constant  go to state 100


State 143

   47 LValue: Expr . SPDOT IDENTIFIER
   48       | Expr . OPLEFTBRACKET Expr OPRIGHTBRACKET
   50 Call: Expr . SPDOT IDENTIFIER OPLEFTPRNT Actuals OPRIGHTPRNT
   69 Expr: Expr . OPPLUS Expr
   70     | Expr . OPMINUS Expr
   71     | Expr . OPMULTIPLY Expr
   72     | Expr . OPDIVIDE Expr
   74     | Expr . OPLIGHT Expr
   75     | Expr . OPLIGHTEQ Expr
   76     | Expr . OPGREAT Expr
   77     | Expr . OPGREATEQ Expr
   78     | Expr . OPEQUAL Expr
   79     | Expr . OPNOTEQUAL Expr
   80     | Expr . OPAND Expr
   81     | Expr . OPOR Expr
   87     | KEYINSTANCEOF OPLEFTPRNT Expr . SPCOMMA IDENTIFIER OPRIGHTPRNT

    SPCOMMA        shift, and go to state 172
    SPDOT          shift, and go to state 125
    OPLEFTBRACKET  shift, and go to state 126
    OPPLUS         shift, and go to state 127
    OPMINUS        shift, and go to state 128
    OPMULTIPLY     shift, and go to state 129
    OPDIVIDE       shift, and go to state 130
    OPAND          shift, and go to state 131
    OPOR           shift, and go to state 132
    OPEQUAL        shift, and go to state 133
    OPNOTEQUAL     shift, and go to state 134
    OPGREAT        shift, and go to state 135
    OPLIGHT        shift, and go to state 136
    OPGREATEQ      shift, and go to state 137
    OPLIGHTEQ      shift, and go to state 138


State 144

   57 IfStmt: KEYIF OPLEFTPRNT BoolExpr . OPRIGHTPRNT Stmt
   58       | KEYIF OPLEFTPRNT BoolExpr . OPRIGHTPRNT Stmt KEYELSE Stmt

    OPRIGHTPRNT  shift, and go to state 173


State 145

   47 LValue: Expr . SPDOT IDENTIFIER
   48       | Expr . OPLEFTBRACKET Expr OPRIGHTBRACKET
   50 Call: Expr . SPDOT IDENTIFIER OPLEFTPRNT Actuals OPRIGHTPRNT
   63 BoolExpr: Expr .
   69 Expr: Expr . OPPLUS Expr
   70     | Expr . OPMINUS Expr
   71     | Expr . OPMULTIPLY Expr
   72     | Expr . OPDIVIDE Expr
   74     | Expr . OPLIGHT Expr
   75     | Expr . OPLIGHTEQ Expr
   76     | Expr . OPGREAT Expr
   77     | Expr . OPGREATEQ Expr
   78     | Expr . OPEQUAL Expr
   79     | Expr . OPNOTEQUAL Expr
   80     | Expr . OPAND Expr
   81     | Expr . OPOR Expr

    SPDOT          shift, and go to state 125
    OPLEFTBRACKET  shift, and go to state 126
    OPPLUS         shift, and go to state 127
    OPMINUS        shift, and go to state 128
    OPMULTIPLY     shift, and go to state 129
    OPDIVIDE       shift, and go to state 130
    OPAND          shift, and go to state 131
    OPOR           shift, and go to state 132
    OPEQUAL        shift, and go to state 133
    OPNOTEQUAL     shift, and go to state 134
    OPGREAT        shift, and go to state 135
    OPLIGHT        shift, and go to state 136
    OPGREATEQ      shift, and go to state 137
    OPLIGHTEQ      shift, and go to state 138

    $default  reduce using rule 63 (BoolExpr)


State 146

   55 ForStmt: KEYFOR OPLEFTPRNT SimpleStmt . SPSEMICOLON BoolExpr SPSEMICOLON SimpleStmt OPRIGHTPRNT Stmt

    SPSEMICOLON  shift, and go to state 174


State 147

   56 WhileStmt: KEYWHILE OPLEFTPRNT BoolExpr . OPRIGHTPRNT Stmt

    OPRIGHTPRNT  shift, and go to state 175


State 148

   54 Exprs: Exprs . SPCOMMA Expr
   62 PrintStmt: KEYPRINT OPLEFTPRNT Exprs . OPRIGHTPRNT

    SPCOMMA      shift, and go to state 176
    OPRIGHTPRNT  shift, and go to state 177


State 149

   47 LValue: Expr . SPDOT IDENTIFIER
   48       | Expr . OPLEFTBRACKET Expr OPRIGHTBRACKET
   50 Call: Expr . SPDOT IDENTIFIER OPLEFTPRNT Actuals OPRIGHTPRNT
   53 Exprs: Expr .
   69 Expr: Expr . OPPLUS Expr
   70     | Expr . OPMINUS Expr
   71     | Expr . OPMULTIPLY Expr
   72     | Expr . OPDIVIDE Expr
   74     | Expr . OPLIGHT Expr
   75     | Expr . OPLIGHTEQ Expr
   76     | Expr . OPGREAT Expr
   77     | Expr . OPGREATEQ Expr
   78     | Expr . OPEQUAL Expr
   79     | Expr . OPNOTEQUAL Expr
   80     | Expr . OPAND Expr
   81     | Expr . OPOR Expr

    SPDOT          shift, and go to state 125
    OPLEFTBRACKET  shift, and go to state 126
    OPPLUS         shift, and go to state 127
    OPMINUS        shift, and go to state 128
    OPMULTIPLY     shift, and go to state 129
    OPDIVIDE       shift, and go to state 130
    OPAND          shift, and go to state 131
    OPOR           shift, and go to state 132
    OPEQUAL        shift, and go to state 133
    OPNOTEQUAL     shift, and go to state 134
    OPGREAT        shift, and go to state 135
    OPLIGHT        shift, and go to state 136
    OPGREATEQ      shift, and go to state 137
    OPLIGHTEQ      shift, and go to state 138

    $default  reduce using rule 53 (Exprs)


State 150

   83 Expr: KEYREADINTEGER OPLEFTPRNT OPRIGHTPRNT .

    $default  reduce using rule 83 (Expr)


State 151

   84 Expr: KEYREADLINE OPLEFTPRNT OPRIGHTPRNT .

    $default  reduce using rule 84 (Expr)


State 152

   49 Call: IDENTIFIER OPLEFTPRNT Actuals . OPRIGHTPRNT

    OPRIGHTPRNT  shift, and go to state 178


State 153

   52 Actuals: Exprs .
   54 Exprs: Exprs . SPCOMMA Expr

    SPCOMMA  shift, and go to state 176

    $default  reduce using rule 52 (Actuals)


State 154

   44 SimpleStmt: LValue OPASSIGN Expr .
   47 LValue: Expr . SPDOT IDENTIFIER
   48       | Expr . OPLEFTBRACKET Expr OPRIGHTBRACKET
   50 Call: Expr . SPDOT IDENTIFIER OPLEFTPRNT Actuals OPRIGHTPRNT
   69 Expr: Expr . OPPLUS Expr
   70     | Expr . OPMINUS Expr
   71     | Expr . OPMULTIPLY Expr
   72     | Expr . OPDIVIDE Expr
   74     | Expr . OPLIGHT Expr
   75     | Expr . OPLIGHTEQ Expr
   76     | Expr . OPGREAT Expr
   77     | Expr . OPGREATEQ Expr
   78     | Expr . OPEQUAL Expr
   79     | Expr . OPNOTEQUAL Expr
   80     | Expr . OPAND Expr
   81     | Expr . OPOR Expr

    SPDOT          shift, and go to state 125
    OPLEFTBRACKET  shift, and go to state 126
    OPPLUS         shift, and go to state 127
    OPMINUS        shift, and go to state 128
    OPMULTIPLY     shift, and go to state 129
    OPDIVIDE       shift, and go to state 130
    OPAND          shift, and go to state 131
    OPOR           shift, and go to state 132
    OPEQUAL        shift, and go to state 133
    OPNOTEQUAL     shift, and go to state 134
    OPGREAT        shift, and go to state 135
    OPLIGHT        shift, and go to state 136
    OPGREATEQ      shift, and go to state 137
    OPLIGHTEQ      shift, and go to state 138

    $default  reduce using rule 44 (SimpleStmt)


State 155

   47 LValue: Expr SPDOT IDENTIFIER .
   50 Call: Expr SPDOT IDENTIFIER . OPLEFTPRNT Actuals OPRIGHTPRNT

    OPLEFTPRNT  shift, and go to state 179

    $default  reduce using rule 47 (LValue)


State 156

   47 LValue: Expr . SPDOT IDENTIFIER
   48       | Expr . OPLEFTBRACKET Expr OPRIGHTBRACKET
   48       | Expr OPLEFTBRACKET Expr . OPRIGHTBRACKET
   50 Call: Expr . SPDOT IDENTIFIER OPLEFTPRNT Actuals OPRIGHTPRNT
   69 Expr: Expr . OPPLUS Expr
   70     | Expr . OPMINUS Expr
   71     | Expr . OPMULTIPLY Expr
   72     | Expr . OPDIVIDE Expr
   74     | Expr . OPLIGHT Expr
   75     | Expr . OPLIGHTEQ Expr
   76     | Expr . OPGREAT Expr
   77     | Expr . OPGREATEQ Expr
   78     | Expr . OPEQUAL Expr
   79     | Expr . OPNOTEQUAL Expr
   80     | Expr . OPAND Expr
   81     | Expr . OPOR Expr

    SPDOT           shift, and go to state 125
    OPLEFTBRACKET   shift, and go to state 126
    OPRIGHTBRACKET  shift, and go to state 180
    OPPLUS          shift, and go to state 127
    OPMINUS         shift, and go to state 128
    OPMULTIPLY      shift, and go to state 129
    OPDIVIDE        shift, and go to state 130
    OPAND           shift, and go to state 131
    OPOR            shift, and go to state 132
    OPEQUAL         shift, and go to state 133
    OPNOTEQUAL      shift, and go to state 134
    OPGREAT         shift, and go to state 135
    OPLIGHT         shift, and go to state 136
    OPGREATEQ       shift, and go to state 137
    OPLIGHTEQ       shift, and go to state 138


State 157

   47 LValue: Expr . SPDOT IDENTIFIER
   48       | Expr . OPLEFTBRACKET Expr OPRIGHTBRACKET
   50 Call: Expr . SPDOT IDENTIFIER OPLEFTPRNT Actuals OPRIGHTPRNT
   69 Expr: Expr . OPPLUS Expr
   69     | Expr OPPLUS Expr .
   70     | Expr . OPMINUS Expr
   71     | Expr . OPMULTIPLY Expr
   72     | Expr . OPDIVIDE Expr
   74     | Expr . OPLIGHT Expr
   75     | Expr . OPLIGHTEQ Expr
   76     | Expr . OPGREAT Expr
   77     | Expr . OPGREATEQ Expr
   78     | Expr . OPEQUAL Expr
   79     | Expr . OPNOTEQUAL Expr
   80     | Expr . OPAND Expr
   81     | Expr . OPOR Expr

    SPDOT          shift, and go to state 125
    OPLEFTBRACKET  shift, and go to state 126
    OPMULTIPLY     shift, and go to state 129
    OPDIVIDE       shift, and go to state 130

    $default  reduce using rule 69 (Expr)


State 158

   47 LValue: Expr . SPDOT IDENTIFIER
   48       | Expr . OPLEFTBRACKET Expr OPRIGHTBRACKET
   50 Call: Expr . SPDOT IDENTIFIER OPLEFTPRNT Actuals OPRIGHTPRNT
   69 Expr: Expr . OPPLUS Expr
   70     | Expr . OPMINUS Expr
   70     | Expr OPMINUS Expr .
   71     | Expr . OPMULTIPLY Expr
   72     | Expr . OPDIVIDE Expr
   74     | Expr . OPLIGHT Expr
   75     | Expr . OPLIGHTEQ Expr
   76     | Expr . OPGREAT Expr
   77     | Expr . OPGREATEQ Expr
   78     | Expr . OPEQUAL Expr
   79     | Expr . OPNOTEQUAL Expr
   80     | Expr . OPAND Expr
   81     | Expr . OPOR Expr

    SPDOT          shift, and go to state 125
    OPLEFTBRACKET  shift, and go to state 126
    OPMULTIPLY     shift, and go to state 129
    OPDIVIDE       shift, and go to state 130

    $default  reduce using rule 70 (Expr)


State 159

   47 LValue: Expr . SPDOT IDENTIFIER
   48       | Expr . OPLEFTBRACKET Expr OPRIGHTBRACKET
   50 Call: Expr . SPDOT IDENTIFIER OPLEFTPRNT Actuals OPRIGHTPRNT
   69 Expr: Expr . OPPLUS Expr
   70     | Expr . OPMINUS Expr
   71     | Expr . OPMULTIPLY Expr
   71     | Expr OPMULTIPLY Expr .
   72     | Expr . OPDIVIDE Expr
   74     | Expr . OPLIGHT Expr
   75     | Expr . OPLIGHTEQ Expr
   76     | Expr . OPGREAT Expr
   77     | Expr . OPGREATEQ Expr
   78     | Expr . OPEQUAL Expr
   79     | Expr . OPNOTEQUAL Expr
   80     | Expr . OPAND Expr
   81     | Expr . OPOR Expr

    SPDOT          shift, and go to state 125
    OPLEFTBRACKET  shift, and go to state 126

    $default  reduce using rule 71 (Expr)


State 160

   47 LValue: Expr . SPDOT IDENTIFIER
   48       | Expr . OPLEFTBRACKET Expr OPRIGHTBRACKET
   50 Call: Expr . SPDOT IDENTIFIER OPLEFTPRNT Actuals OPRIGHTPRNT
   69 Expr: Expr . OPPLUS Expr
   70     | Expr . OPMINUS Expr
   71     | Expr . OPMULTIPLY Expr
   72     | Expr . OPDIVIDE Expr
   72     | Expr OPDIVIDE Expr .
   74     | Expr . OPLIGHT Expr
   75     | Expr . OPLIGHTEQ Expr
   76     | Expr . OPGREAT Expr
   77     | Expr . OPGREATEQ Expr
   78     | Expr . OPEQUAL Expr
   79     | Expr . OPNOTEQUAL Expr
   80     | Expr . OPAND Expr
   81     | Expr . OPOR Expr

    SPDOT          shift, and go to state 125
    OPLEFTBRACKET  shift, and go to state 126

    $default  reduce using rule 72 (Expr)


State 161

   47 LValue: Expr . SPDOT IDENTIFIER
   48       | Expr . OPLEFTBRACKET Expr OPRIGHTBRACKET
   50 Call: Expr . SPDOT IDENTIFIER OPLEFTPRNT Actuals OPRIGHTPRNT
   69 Expr: Expr . OPPLUS Expr
   70     | Expr . OPMINUS Expr
   71     | Expr . OPMULTIPLY Expr
   72     | Expr . OPDIVIDE Expr
   74     | Expr . OPLIGHT Expr
   75     | Expr . OPLIGHTEQ Expr
   76     | Expr . OPGREAT Expr
   77     | Expr . OPGREATEQ Expr
   78     | Expr . OPEQUAL Expr
   79     | Expr . OPNOTEQUAL Expr
   80     | Expr . OPAND Expr
   80     | Expr OPAND Expr .
   81     | Expr . OPOR Expr

    SPDOT          shift, and go to state 125
    OPLEFTBRACKET  shift, and go to state 126
    OPPLUS         shift, and go to state 127
    OPMINUS        shift, and go to state 128
    OPMULTIPLY     shift, and go to state 129
    OPDIVIDE       shift, and go to state 130
    OPEQUAL        shift, and go to state 133
    OPNOTEQUAL     shift, and go to state 134
    OPGREAT        shift, and go to state 135
    OPLIGHT        shift, and go to state 136
    OPGREATEQ      shift, and go to state 137
    OPLIGHTEQ      shift, and go to state 138

    $default  reduce using rule 80 (Expr)


State 162

   47 LValue: Expr . SPDOT IDENTIFIER
   48       | Expr . OPLEFTBRACKET Expr OPRIGHTBRACKET
   50 Call: Expr . SPDOT IDENTIFIER OPLEFTPRNT Actuals OPRIGHTPRNT
   69 Expr: Expr . OPPLUS Expr
   70     | Expr . OPMINUS Expr
   71     | Expr . OPMULTIPLY Expr
   72     | Expr . OPDIVIDE Expr
   74     | Expr . OPLIGHT Expr
   75     | Expr . OPLIGHTEQ Expr
   76     | Expr . OPGREAT Expr
   77     | Expr . OPGREATEQ Expr
   78     | Expr . OPEQUAL Expr
   79     | Expr . OPNOTEQUAL Expr
   80     | Expr . OPAND Expr
   81     | Expr . OPOR Expr
   81     | Expr OPOR Expr .

    SPDOT          shift, and go to state 125
    OPLEFTBRACKET  shift, and go to state 126
    OPPLUS         shift, and go to state 127
    OPMINUS        shift, and go to state 128
    OPMULTIPLY     shift, and go to state 129
    OPDIVIDE       shift, and go to state 130
    OPAND          shift, and go to state 131
    OPEQUAL        shift, and go to state 133
    OPNOTEQUAL     shift, and go to state 134
    OPGREAT        shift, and go to state 135
    OPLIGHT        shift, and go to state 136
    OPGREATEQ      shift, and go to state 137
    OPLIGHTEQ      shift, and go to state 138

    $default  reduce using rule 81 (Expr)


State 163

   47 LValue: Expr . SPDOT IDENTIFIER
   48       | Expr . OPLEFTBRACKET Expr OPRIGHTBRACKET
   50 Call: Expr . SPDOT IDENTIFIER OPLEFTPRNT Actuals OPRIGHTPRNT
   69 Expr: Expr . OPPLUS Expr
   70     | Expr . OPMINUS Expr
   71     | Expr . OPMULTIPLY Expr
   72     | Expr . OPDIVIDE Expr
   74     | Expr . OPLIGHT Expr
   75     | Expr . OPLIGHTEQ Expr
   76     | Expr . OPGREAT Expr
   77     | Expr . OPGREATEQ Expr
   78     | Expr . OPEQUAL Expr
   78     | Expr OPEQUAL Expr .
   79     | Expr . OPNOTEQUAL Expr
   80     | Expr . OPAND Expr
   81     | Expr . OPOR Expr

    SPDOT          shift, and go to state 125
    OPLEFTBRACKET  shift, and go to state 126
    OPPLUS         shift, and go to state 127
    OPMINUS        shift, and go to state 128
    OPMULTIPLY     shift, and go to state 129
    OPDIVIDE       shift, and go to state 130

    $default  reduce using rule 78 (Expr)


State 164

   47 LValue: Expr . SPDOT IDENTIFIER
   48       | Expr . OPLEFTBRACKET Expr OPRIGHTBRACKET
   50 Call: Expr . SPDOT IDENTIFIER OPLEFTPRNT Actuals OPRIGHTPRNT
   69 Expr: Expr . OPPLUS Expr
   70     | Expr . OPMINUS Expr
   71     | Expr . OPMULTIPLY Expr
   72     | Expr . OPDIVIDE Expr
   74     | Expr . OPLIGHT Expr
   75     | Expr . OPLIGHTEQ Expr
   76     | Expr . OPGREAT Expr
   77     | Expr . OPGREATEQ Expr
   78     | Expr . OPEQUAL Expr
   79     | Expr . OPNOTEQUAL Expr
   79     | Expr OPNOTEQUAL Expr .
   80     | Expr . OPAND Expr
   81     | Expr . OPOR Expr

    SPDOT          shift, and go to state 125
    OPLEFTBRACKET  shift, and go to state 126
    OPPLUS         shift, and go to state 127
    OPMINUS        shift, and go to state 128
    OPMULTIPLY     shift, and go to state 129
    OPDIVIDE       shift, and go to state 130

    $default  reduce using rule 79 (Expr)


State 165

   47 LValue: Expr . SPDOT IDENTIFIER
   48       | Expr . OPLEFTBRACKET Expr OPRIGHTBRACKET
   50 Call: Expr . SPDOT IDENTIFIER OPLEFTPRNT Actuals OPRIGHTPRNT
   69 Expr: Expr . OPPLUS Expr
   70     | Expr . OPMINUS Expr
   71     | Expr . OPMULTIPLY Expr
   72     | Expr . OPDIVIDE Expr
   74     | Expr . OPLIGHT Expr
   75     | Expr . OPLIGHTEQ Expr
   76     | Expr . OPGREAT Expr
   76     | Expr OPGREAT Expr .
   77     | Expr . OPGREATEQ Expr
   78     | Expr . OPEQUAL Expr
   79     | Expr . OPNOTEQUAL Expr
   80     | Expr . OPAND Expr
   81     | Expr . OPOR Expr

    SPDOT          shift, and go to state 125
    OPLEFTBRACKET  shift, and go to state 126
    OPPLUS         shift, and go to state 127
    OPMINUS        shift, and go to state 128
    OPMULTIPLY     shift, and go to state 129
    OPDIVIDE       shift, and go to state 130

    $default  reduce using rule 76 (Expr)


State 166

   47 LValue: Expr . SPDOT IDENTIFIER
   48       | Expr . OPLEFTBRACKET Expr OPRIGHTBRACKET
   50 Call: Expr . SPDOT IDENTIFIER OPLEFTPRNT Actuals OPRIGHTPRNT
   69 Expr: Expr . OPPLUS Expr
   70     | Expr . OPMINUS Expr
   71     | Expr . OPMULTIPLY Expr
   72     | Expr . OPDIVIDE Expr
   74     | Expr . OPLIGHT Expr
   74     | Expr OPLIGHT Expr .
   75     | Expr . OPLIGHTEQ Expr
   76     | Expr . OPGREAT Expr
   77     | Expr . OPGREATEQ Expr
   78     | Expr . OPEQUAL Expr
   79     | Expr . OPNOTEQUAL Expr
   80     | Expr . OPAND Expr
   81     | Expr . OPOR Expr

    SPDOT          shift, and go to state 125
    OPLEFTBRACKET  shift, and go to state 126
    OPPLUS         shift, and go to state 127
    OPMINUS        shift, and go to state 128
    OPMULTIPLY     shift, and go to state 129
    OPDIVIDE       shift, and go to state 130

    $default  reduce using rule 74 (Expr)


State 167

   47 LValue: Expr . SPDOT IDENTIFIER
   48       | Expr . OPLEFTBRACKET Expr OPRIGHTBRACKET
   50 Call: Expr . SPDOT IDENTIFIER OPLEFTPRNT Actuals OPRIGHTPRNT
   69 Expr: Expr . OPPLUS Expr
   70     | Expr . OPMINUS Expr
   71     | Expr . OPMULTIPLY Expr
   72     | Expr . OPDIVIDE Expr
   74     | Expr . OPLIGHT Expr
   75     | Expr . OPLIGHTEQ Expr
   76     | Expr . OPGREAT Expr
   77     | Expr . OPGREATEQ Expr
   77     | Expr OPGREATEQ Expr .
   78     | Expr . OPEQUAL Expr
   79     | Expr . OPNOTEQUAL Expr
   80     | Expr . OPAND Expr
   81     | Expr . OPOR Expr

    SPDOT          shift, and go to state 125
    OPLEFTBRACKET  shift, and go to state 126
    OPPLUS         shift, and go to state 127
    OPMINUS        shift, and go to state 128
    OPMULTIPLY     shift, and go to state 129
    OPDIVIDE       shift, and go to state 130

    $default  reduce using rule 77 (Expr)


State 168

   47 LValue: Expr . SPDOT IDENTIFIER
   48       | Expr . OPLEFTBRACKET Expr OPRIGHTBRACKET
   50 Call: Expr . SPDOT IDENTIFIER OPLEFTPRNT Actuals OPRIGHTPRNT
   69 Expr: Expr . OPPLUS Expr
   70     | Expr . OPMINUS Expr
   71     | Expr . OPMULTIPLY Expr
   72     | Expr . OPDIVIDE Expr
   74     | Expr . OPLIGHT Expr
   75     | Expr . OPLIGHTEQ Expr
   75     | Expr OPLIGHTEQ Expr .
   76     | Expr . OPGREAT Expr
   77     | Expr . OPGREATEQ Expr
   78     | Expr . OPEQUAL Expr
   79     | Expr . OPNOTEQUAL Expr
   80     | Expr . OPAND Expr
   81     | Expr . OPOR Expr

    SPDOT          shift, and go to state 125
    OPLEFTBRACKET  shift, and go to state 126
    OPPLUS         shift, and go to state 127
    OPMINUS        shift, and go to state 128
    OPMULTIPLY     shift, and go to state 129
    OPDIVIDE       shift, and go to state 130

    $default  reduce using rule 75 (Expr)


State 169

   88 Expr: OPLEFTPRNT KEYCLASS IDENTIFIER OPRIGHTPRNT . Expr

    OPLEFTPRNT       shift, and go to state 64
    OPMINUS          shift, and go to state 65
    OPNOT            shift, and go to state 66
    KEYNEW           shift, and go to state 67
    KEYTHIS          shift, and go to state 68
    KEYINSTANCEOF    shift, and go to state 69
    KEYREADINTEGER   shift, and go to state 76
    KEYREADLINE      shift, and go to state 77
    CONSTANTNULL     shift, and go to state 78
    CONSTANTBOOL     shift, and go to state 79
    CONSTANTINTD     shift, and go to state 80
    CONSTANTINTH     shift, and go to state 81
    CONSTANTFLOAT    shift, and go to state 82
    CONSTANTFLOATSC  shift, and go to state 83
    CONSTANTSTRING   shift, and go to state 84
    IDENTIFIER       shift, and go to state 85

    LValue    go to state 102
    Call      go to state 103
    Expr      go to state 181
    Constant  go to state 100


State 170

   85 Expr: KEYNEW IDENTIFIER OPLEFTPRNT OPRIGHTPRNT .

    $default  reduce using rule 85 (Expr)


State 171

   47 LValue: Expr . SPDOT IDENTIFIER
   48       | Expr . OPLEFTBRACKET Expr OPRIGHTBRACKET
   50 Call: Expr . SPDOT IDENTIFIER OPLEFTPRNT Actuals OPRIGHTPRNT
   69 Expr: Expr . OPPLUS Expr
   70     | Expr . OPMINUS Expr
   71     | Expr . OPMULTIPLY Expr
   72     | Expr . OPDIVIDE Expr
   74     | Expr . OPLIGHT Expr
   75     | Expr . OPLIGHTEQ Expr
   76     | Expr . OPGREAT Expr
   77     | Expr . OPGREATEQ Expr
   78     | Expr . OPEQUAL Expr
   79     | Expr . OPNOTEQUAL Expr
   80     | Expr . OPAND Expr
   81     | Expr . OPOR Expr
   86     | KEYNEW Type OPLEFTBRACKET Expr . OPRIGHTBRACKET

    SPDOT           shift, and go to state 125
    OPLEFTBRACKET   shift, and go to state 126
    OPRIGHTBRACKET  shift, and go to state 182
    OPPLUS          shift, and go to state 127
    OPMINUS         shift, and go to state 128
    OPMULTIPLY      shift, and go to state 129
    OPDIVIDE        shift, and go to state 130
    OPAND           shift, and go to state 131
    OPOR            shift, and go to state 132
    OPEQUAL         shift, and go to state 133
    OPNOTEQUAL      shift, and go to state 134
    OPGREAT         shift, and go to state 135
    OPLIGHT         shift, and go to state 136
    OPGREATEQ       shift, and go to state 137
    OPLIGHTEQ       shift, and go to state 138


State 172

   87 Expr: KEYINSTANCEOF OPLEFTPRNT Expr SPCOMMA . IDENTIFIER OPRIGHTPRNT

    IDENTIFIER  shift, and go to state 183


State 173

   57 IfStmt: KEYIF OPLEFTPRNT BoolExpr OPRIGHTPRNT . Stmt
   58       | KEYIF OPLEFTPRNT BoolExpr OPRIGHTPRNT . Stmt KEYELSE Stmt

    error            shift, and go to state 63
    SPLEFTBRACE      shift, and go to state 59
    OPLEFTPRNT       shift, and go to state 64
    OPMINUS          shift, and go to state 65
    OPNOT            shift, and go to state 66
    TYPEVOID         shift, and go to state 13
    TYPEINTEGER      shift, and go to state 14
    TYPEFLOAT        shift, and go to state 15
    TYPEBOOL         shift, and go to state 16
    TYPESTRING       shift, and go to state 17
    KEYCLASS         shift, and go to state 18
    KEYNEW           shift, and go to state 67
    KEYTHIS          shift, and go to state 68
    KEYINSTANCEOF    shift, and go to state 69
    KEYIF            shift, and go to state 70
    KEYFOR           shift, and go to state 71
    KEYWHILE         shift, and go to state 72
    KEYBREAK         shift, and go to state 73
    KEYRETURN        shift, and go to state 74
    KEYPRINT         shift, and go to state 75
    KEYREADINTEGER   shift, and go to state 76
    KEYREADLINE      shift, and go to state 77
    CONSTANTNULL     shift, and go to state 78
    CONSTANTBOOL     shift, and go to state 79
    CONSTANTINTD     shift, and go to state 80
    CONSTANTINTH     shift, and go to state 81
    CONSTANTFLOAT    shift, and go to state 82
    CONSTANTFLOATSC  shift, and go to state 83
    CONSTANTSTRING   shift, and go to state 84
    IDENTIFIER       shift, and go to state 85

    SPSEMICOLON  reduce using rule 43 (SimpleStmt)

    VariableDef  go to state 86
    Variable     go to state 21
    Type         go to state 48
    StmtBlock    go to state 87
    Stmt         go to state 184
    SimpleStmt   go to state 90
    LValue       go to state 91
    Call         go to state 92
    ForStmt      go to state 93
    WhileStmt    go to state 94
    IfStmt       go to state 95
    ReturnStmt   go to state 96
    BreakStmt    go to state 97
    PrintStmt    go to state 98
    Expr         go to state 99
    Constant     go to state 100


State 174

   55 ForStmt: KEYFOR OPLEFTPRNT SimpleStmt SPSEMICOLON . BoolExpr SPSEMICOLON SimpleStmt OPRIGHTPRNT Stmt

    OPLEFTPRNT       shift, and go to state 64
    OPMINUS          shift, and go to state 65
    OPNOT            shift, and go to state 66
    KEYNEW           shift, and go to state 67
    KEYTHIS          shift, and go to state 68
    KEYINSTANCEOF    shift, and go to state 69
    KEYREADINTEGER   shift, and go to state 76
    KEYREADLINE      shift, and go to state 77
    CONSTANTNULL     shift, and go to state 78
    CONSTANTBOOL     shift, and go to state 79
    CONSTANTINTD     shift, and go to state 80
    CONSTANTINTH     shift, and go to state 81
    CONSTANTFLOAT    shift, and go to state 82
    CONSTANTFLOATSC  shift, and go to state 83
    CONSTANTSTRING   shift, and go to state 84
    IDENTIFIER       shift, and go to state 85

    LValue    go to state 102
    Call      go to state 103
    BoolExpr  go to state 185
    Expr      go to state 145
    Constant  go to state 100


State 175

   56 WhileStmt: KEYWHILE OPLEFTPRNT BoolExpr OPRIGHTPRNT . Stmt

    error            shift, and go to state 63
    SPLEFTBRACE      shift, and go to state 59
    OPLEFTPRNT       shift, and go to state 64
    OPMINUS          shift, and go to state 65
    OPNOT            shift, and go to state 66
    TYPEVOID         shift, and go to state 13
    TYPEINTEGER      shift, and go to state 14
    TYPEFLOAT        shift, and go to state 15
    TYPEBOOL         shift, and go to state 16
    TYPESTRING       shift, and go to state 17
    KEYCLASS         shift, and go to state 18
    KEYNEW           shift, and go to state 67
    KEYTHIS          shift, and go to state 68
    KEYINSTANCEOF    shift, and go to state 69
    KEYIF            shift, and go to state 70
    KEYFOR           shift, and go to state 71
    KEYWHILE         shift, and go to state 72
    KEYBREAK         shift, and go to state 73
    KEYRETURN        shift, and go to state 74
    KEYPRINT         shift, and go to state 75
    KEYREADINTEGER   shift, and go to state 76
    KEYREADLINE      shift, and go to state 77
    CONSTANTNULL     shift, and go to state 78
    CONSTANTBOOL     shift, and go to state 79
    CONSTANTINTD     shift, and go to state 80
    CONSTANTINTH     shift, and go to state 81
    CONSTANTFLOAT    shift, and go to state 82
    CONSTANTFLOATSC  shift, and go to state 83
    CONSTANTSTRING   shift, and go to state 84
    IDENTIFIER       shift, and go to state 85

    SPSEMICOLON  reduce using rule 43 (SimpleStmt)

    VariableDef  go to state 86
    Variable     go to state 21
    Type         go to state 48
    StmtBlock    go to state 87
    Stmt         go to state 186
    SimpleStmt   go to state 90
    LValue       go to state 91
    Call         go to state 92
    ForStmt      go to state 93
    WhileStmt    go to state 94
    IfStmt       go to state 95
    ReturnStmt   go to state 96
    BreakStmt    go to state 97
    PrintStmt    go to state 98
    Expr         go to state 99
    Constant     go to state 100


State 176

   54 Exprs: Exprs SPCOMMA . Expr

    OPLEFTPRNT       shift, and go to state 64
    OPMINUS          shift, and go to state 65
    OPNOT            shift, and go to state 66
    KEYNEW           shift, and go to state 67
    KEYTHIS          shift, and go to state 68
    KEYINSTANCEOF    shift, and go to state 69
    KEYREADINTEGER   shift, and go to state 76
    KEYREADLINE      shift, and go to state 77
    CONSTANTNULL     shift, and go to state 78
    CONSTANTBOOL     shift, and go to state 79
    CONSTANTINTD     shift, and go to state 80
    CONSTANTINTH     shift, and go to state 81
    CONSTANTFLOAT    shift, and go to state 82
    CONSTANTFLOATSC  shift, and go to state 83
    CONSTANTSTRING   shift, and go to state 84
    IDENTIFIER       shift, and go to state 85

    LValue    go to state 102
    Call      go to state 103
    Expr      go to state 187
    Constant  go to state 100


State 177

   62 PrintStmt: KEYPRINT OPLEFTPRNT Exprs OPRIGHTPRNT .

    $default  reduce using rule 62 (PrintStmt)


State 178

   49 Call: IDENTIFIER OPLEFTPRNT Actuals OPRIGHTPRNT .

    $default  reduce using rule 49 (Call)


State 179

   50 Call: Expr SPDOT IDENTIFIER OPLEFTPRNT . Actuals OPRIGHTPRNT

    OPLEFTPRNT       shift, and go to state 64
    OPMINUS          shift, and go to state 65
    OPNOT            shift, and go to state 66
    KEYNEW           shift, and go to state 67
    KEYTHIS          shift, and go to state 68
    KEYINSTANCEOF    shift, and go to state 69
    KEYREADINTEGER   shift, and go to state 76
    KEYREADLINE      shift, and go to state 77
    CONSTANTNULL     shift, and go to state 78
    CONSTANTBOOL     shift, and go to state 79
    CONSTANTINTD     shift, and go to state 80
    CONSTANTINTH     shift, and go to state 81
    CONSTANTFLOAT    shift, and go to state 82
    CONSTANTFLOATSC  shift, and go to state 83
    CONSTANTSTRING   shift, and go to state 84
    IDENTIFIER       shift, and go to state 85

    $default  reduce using rule 51 (Actuals)

    LValue    go to state 102
    Call      go to state 103
    Actuals   go to state 188
    Exprs     go to state 153
    Expr      go to state 149
    Constant  go to state 100


State 180

   48 LValue: Expr OPLEFTBRACKET Expr OPRIGHTBRACKET .

    $default  reduce using rule 48 (LValue)


State 181

   47 LValue: Expr . SPDOT IDENTIFIER
   48       | Expr . OPLEFTBRACKET Expr OPRIGHTBRACKET
   50 Call: Expr . SPDOT IDENTIFIER OPLEFTPRNT Actuals OPRIGHTPRNT
   69 Expr: Expr . OPPLUS Expr
   70     | Expr . OPMINUS Expr
   71     | Expr . OPMULTIPLY Expr
   72     | Expr . OPDIVIDE Expr
   74     | Expr . OPLIGHT Expr
   75     | Expr . OPLIGHTEQ Expr
   76     | Expr . OPGREAT Expr
   77     | Expr . OPGREATEQ Expr
   78     | Expr . OPEQUAL Expr
   79     | Expr . OPNOTEQUAL Expr
   80     | Expr . OPAND Expr
   81     | Expr . OPOR Expr
   88     | OPLEFTPRNT KEYCLASS IDENTIFIER OPRIGHTPRNT Expr .

    $default  reduce using rule 88 (Expr)


State 182

   86 Expr: KEYNEW Type OPLEFTBRACKET Expr OPRIGHTBRACKET .

    $default  reduce using rule 86 (Expr)


State 183

   87 Expr: KEYINSTANCEOF OPLEFTPRNT Expr SPCOMMA IDENTIFIER . OPRIGHTPRNT

    OPRIGHTPRNT  shift, and go to state 189


State 184

   57 IfStmt: KEYIF OPLEFTPRNT BoolExpr OPRIGHTPRNT Stmt .
   58       | KEYIF OPLEFTPRNT BoolExpr OPRIGHTPRNT Stmt . KEYELSE Stmt

    KEYELSE  shift, and go to state 190

    $default  reduce using rule 57 (IfStmt)


State 185

   55 ForStmt: KEYFOR OPLEFTPRNT SimpleStmt SPSEMICOLON BoolExpr . SPSEMICOLON SimpleStmt OPRIGHTPRNT Stmt

    SPSEMICOLON  shift, and go to state 191


State 186

   56 WhileStmt: KEYWHILE OPLEFTPRNT BoolExpr OPRIGHTPRNT Stmt .

    $default  reduce using rule 56 (WhileStmt)


State 187

   47 LValue: Expr . SPDOT IDENTIFIER
   48       | Expr . OPLEFTBRACKET Expr OPRIGHTBRACKET
   50 Call: Expr . SPDOT IDENTIFIER OPLEFTPRNT Actuals OPRIGHTPRNT
   54 Exprs: Exprs SPCOMMA Expr .
   69 Expr: Expr . OPPLUS Expr
   70     | Expr . OPMINUS Expr
   71     | Expr . OPMULTIPLY Expr
   72     | Expr . OPDIVIDE Expr
   74     | Expr . OPLIGHT Expr
   75     | Expr . OPLIGHTEQ Expr
   76     | Expr . OPGREAT Expr
   77     | Expr . OPGREATEQ Expr
   78     | Expr . OPEQUAL Expr
   79     | Expr . OPNOTEQUAL Expr
   80     | Expr . OPAND Expr
   81     | Expr . OPOR Expr

    SPDOT          shift, and go to state 125
    OPLEFTBRACKET  shift, and go to state 126
    OPPLUS         shift, and go to state 127
    OPMINUS        shift, and go to state 128
    OPMULTIPLY     shift, and go to state 129
    OPDIVIDE       shift, and go to state 130
    OPAND          shift, and go to state 131
    OPOR           shift, and go to state 132
    OPEQUAL        shift, and go to state 133
    OPNOTEQUAL     shift, and go to state 134
    OPGREAT        shift, and go to state 135
    OPLIGHT        shift, and go to state 136
    OPGREATEQ      shift, and go to state 137
    OPLIGHTEQ      shift, and go to state 138

    $default  reduce using rule 54 (Exprs)


State 188

   50 Call: Expr SPDOT IDENTIFIER OPLEFTPRNT Actuals . OPRIGHTPRNT

    OPRIGHTPRNT  shift, and go to state 192


State 189

   87 Expr: KEYINSTANCEOF OPLEFTPRNT Expr SPCOMMA IDENTIFIER OPRIGHTPRNT .

    $default  reduce using rule 87 (Expr)


State 190

   58 IfStmt: KEYIF OPLEFTPRNT BoolExpr OPRIGHTPRNT Stmt KEYELSE . Stmt

    error            shift, and go to state 63
    SPLEFTBRACE      shift, and go to state 59
    OPLEFTPRNT       shift, and go to state 64
    OPMINUS          shift, and go to state 65
    OPNOT            shift, and go to state 66
    TYPEVOID         shift, and go to state 13
    TYPEINTEGER      shift, and go to state 14
    TYPEFLOAT        shift, and go to state 15
    TYPEBOOL         shift, and go to state 16
    TYPESTRING       shift, and go to state 17
    KEYCLASS         shift, and go to state 18
    KEYNEW           shift, and go to state 67
    KEYTHIS          shift, and go to state 68
    KEYINSTANCEOF    shift, and go to state 69
    KEYIF            shift, and go to state 70
    KEYFOR           shift, and go to state 71
    KEYWHILE         shift, and go to state 72
    KEYBREAK         shift, and go to state 73
    KEYRETURN        shift, and go to state 74
    KEYPRINT         shift, and go to state 75
    KEYREADINTEGER   shift, and go to state 76
    KEYREADLINE      shift, and go to state 77
    CONSTANTNULL     shift, and go to state 78
    CONSTANTBOOL     shift, and go to state 79
    CONSTANTINTD     shift, and go to state 80
    CONSTANTINTH     shift, and go to state 81
    CONSTANTFLOAT    shift, and go to state 82
    CONSTANTFLOATSC  shift, and go to state 83
    CONSTANTSTRING   shift, and go to state 84
    IDENTIFIER       shift, and go to state 85

    SPSEMICOLON  reduce using rule 43 (SimpleStmt)

    VariableDef  go to state 86
    Variable     go to state 21
    Type         go to state 48
    StmtBlock    go to state 87
    Stmt         go to state 193
    SimpleStmt   go to state 90
    LValue       go to state 91
    Call         go to state 92
    ForStmt      go to state 93
    WhileStmt    go to state 94
    IfStmt       go to state 95
    ReturnStmt   go to state 96
    BreakStmt    go to state 97
    PrintStmt    go to state 98
    Expr         go to state 99
    Constant     go to state 100


State 191

   55 ForStmt: KEYFOR OPLEFTPRNT SimpleStmt SPSEMICOLON BoolExpr SPSEMICOLON . SimpleStmt OPRIGHTPRNT Stmt

    OPLEFTPRNT       shift, and go to state 64
    OPMINUS          shift, and go to state 65
    OPNOT            shift, and go to state 66
    KEYNEW           shift, and go to state 67
    KEYTHIS          shift, and go to state 68
    KEYINSTANCEOF    shift, and go to state 69
    KEYREADINTEGER   shift, and go to state 76
    KEYREADLINE      shift, and go to state 77
    CONSTANTNULL     shift, and go to state 78
    CONSTANTBOOL     shift, and go to state 79
    CONSTANTINTD     shift, and go to state 80
    CONSTANTINTH     shift, and go to state 81
    CONSTANTFLOAT    shift, and go to state 82
    CONSTANTFLOATSC  shift, and go to state 83
    CONSTANTSTRING   shift, and go to state 84
    IDENTIFIER       shift, and go to state 85

    $default  reduce using rule 43 (SimpleStmt)

    SimpleStmt  go to state 194
    LValue      go to state 91
    Call        go to state 92
    Expr        go to state 99
    Constant    go to state 100


State 192

   50 Call: Expr SPDOT IDENTIFIER OPLEFTPRNT Actuals OPRIGHTPRNT .

    $default  reduce using rule 50 (Call)


State 193

   58 IfStmt: KEYIF OPLEFTPRNT BoolExpr OPRIGHTPRNT Stmt KEYELSE Stmt .

    $default  reduce using rule 58 (IfStmt)


State 194

   55 ForStmt: KEYFOR OPLEFTPRNT SimpleStmt SPSEMICOLON BoolExpr SPSEMICOLON SimpleStmt . OPRIGHTPRNT Stmt

    OPRIGHTPRNT  shift, and go to state 195


State 195

   55 ForStmt: KEYFOR OPLEFTPRNT SimpleStmt SPSEMICOLON BoolExpr SPSEMICOLON SimpleStmt OPRIGHTPRNT . Stmt

    error            shift, and go to state 63
    SPLEFTBRACE      shift, and go to state 59
    OPLEFTPRNT       shift, and go to state 64
    OPMINUS          shift, and go to state 65
    OPNOT            shift, and go to state 66
    TYPEVOID         shift, and go to state 13
    TYPEINTEGER      shift, and go to state 14
    TYPEFLOAT        shift, and go to state 15
    TYPEBOOL         shift, and go to state 16
    TYPESTRING       shift, and go to state 17
    KEYCLASS         shift, and go to state 18
    KEYNEW           shift, and go to state 67
    KEYTHIS          shift, and go to state 68
    KEYINSTANCEOF    shift, and go to state 69
    KEYIF            shift, and go to state 70
    KEYFOR           shift, and go to state 71
    KEYWHILE         shift, and go to state 72
    KEYBREAK         shift, and go to state 73
    KEYRETURN        shift, and go to state 74
    KEYPRINT         shift, and go to state 75
    KEYREADINTEGER   shift, and go to state 76
    KEYREADLINE      shift, and go to state 77
    CONSTANTNULL     shift, and go to state 78
    CONSTANTBOOL     shift, and go to state 79
    CONSTANTINTD     shift, and go to state 80
    CONSTANTINTH     shift, and go to state 81
    CONSTANTFLOAT    shift, and go to state 82
    CONSTANTFLOATSC  shift, and go to state 83
    CONSTANTSTRING   shift, and go to state 84
    IDENTIFIER       shift, and go to state 85

    SPSEMICOLON  reduce using rule 43 (SimpleStmt)

    VariableDef  go to state 86
    Variable     go to state 21
    Type         go to state 48
    StmtBlock    go to state 87
    Stmt         go to state 196
    SimpleStmt   go to state 90
    LValue       go to state 91
    Call         go to state 92
    ForStmt      go to state 93
    WhileStmt    go to state 94
    IfStmt       go to state 95
    ReturnStmt   go to state 96
    BreakStmt    go to state 97
    PrintStmt    go to state 98
    Expr         go to state 99
    Constant     go to state 100


State 196

   55 ForStmt: KEYFOR OPLEFTPRNT SimpleStmt SPSEMICOLON BoolExpr SPSEMICOLON SimpleStmt OPRIGHTPRNT Stmt .

    $default  reduce using rule 55 (ForStmt)
